<?xml version="1.0" encoding="UTF-8"?>
<coverage generated="1762799277488" clover="3.2.0">
  <project timestamp="1762799277488" name="All files">
    <metrics statements="160" coveredstatements="125" conditionals="124" coveredconditionals="87" methods="11" coveredmethods="11" elements="295" coveredelements="223" complexity="0" loc="160" ncloc="160" packages="1" files="4" classes="4"/>
    <file name="DisplayHandler.js" path="/Users/olegopolskiy/Desktop/Dev/GIT/ElectronicaB3_35/Electronica_B3_35/src/Core/DisplayHandler.js">
      <metrics statements="29" coveredstatements="13" conditionals="30" coveredconditionals="18" methods="2" coveredmethods="2"/>
      <line num="2" count="13" type="cond" truecount="1" falsecount="1"/>
      <line num="3" count="0" type="stmt"/>
      <line num="5" count="13" type="cond" truecount="2" falsecount="0"/>
      <line num="8" count="13" type="stmt"/>
      <line num="9" count="13" type="stmt"/>
      <line num="10" count="13" type="cond" truecount="2" falsecount="0"/>
      <line num="13" count="13" type="stmt"/>
      <line num="14" count="13" type="stmt"/>
      <line num="18" count="26" type="cond" truecount="2" falsecount="0"/>
      <line num="20" count="24" type="stmt"/>
      <line num="23" count="24" type="cond" truecount="1" falsecount="1"/>
      <line num="24" count="0" type="stmt"/>
      <line num="25" count="0" type="stmt"/>
      <line num="26" count="0" type="stmt"/>
      <line num="29" count="0" type="stmt"/>
      <line num="30" count="0" type="cond" truecount="0" falsecount="2"/>
      <line num="33" count="0" type="stmt"/>
      <line num="35" count="0" type="cond" truecount="0" falsecount="2"/>
      <line num="37" count="0" type="stmt"/>
      <line num="38" count="0" type="cond" truecount="0" falsecount="2"/>
      <line num="40" count="0" type="stmt"/>
      <line num="43" count="0" type="stmt"/>
      <line num="47" count="0" type="stmt"/>
      <line num="48" count="0" type="cond" truecount="0" falsecount="2"/>
      <line num="49" count="0" type="stmt"/>
      <line num="51" count="0" type="stmt"/>
      <line num="55" count="24" type="cond" truecount="2" falsecount="0"/>
      <line num="56" count="12" type="stmt"/>
      <line num="59" count="12" type="stmt"/>
    </file>
    <file name="KeyHandler.js" path="/Users/olegopolskiy/Desktop/Dev/GIT/ElectronicaB3_35/Electronica_B3_35/src/Core/KeyHandler.js">
      <metrics statements="63" coveredstatements="46" conditionals="64" coveredconditionals="41" methods="3" coveredmethods="3"/>
      <line num="4" count="50" type="stmt"/>
      <line num="5" count="50" type="stmt"/>
      <line num="7" count="50" type="cond" truecount="1" falsecount="1"/>
      <line num="8" count="0" type="cond" truecount="0" falsecount="2"/>
      <line num="9" count="0" type="stmt"/>
      <line num="11" count="0" type="stmt"/>
      <line num="15" count="50" type="cond" truecount="2" falsecount="0"/>
      <line num="16" count="32" type="cond" truecount="2" falsecount="0"/>
      <line num="17" count="1" type="stmt"/>
      <line num="19" count="31" type="stmt"/>
      <line num="20" count="18" type="cond" truecount="2" falsecount="0"/>
      <line num="21" count="8" type="cond" truecount="1" falsecount="1"/>
      <line num="22" count="0" type="stmt"/>
      <line num="23" count="8" type="cond" truecount="2" falsecount="0"/>
      <line num="24" count="5" type="cond" truecount="1" falsecount="1"/>
      <line num="25" count="5" type="cond" truecount="2" falsecount="0"/>
      <line num="27" count="3" type="cond" truecount="1" falsecount="1"/>
      <line num="28" count="3" type="cond" truecount="1" falsecount="1"/>
      <line num="30" count="10" type="cond" truecount="2" falsecount="0"/>
      <line num="31" count="5" type="cond" truecount="1" falsecount="1"/>
      <line num="32" count="5" type="cond" truecount="2" falsecount="0"/>
      <line num="33" count="4" type="stmt"/>
      <line num="34" count="1" type="cond" truecount="1" falsecount="1"/>
      <line num="35" count="0" type="stmt"/>
      <line num="36" count="1" type="cond" truecount="1" falsecount="1"/>
      <line num="37" count="0" type="stmt"/>
      <line num="38" count="1" type="cond" truecount="1" falsecount="1"/>
      <line num="39" count="1" type="stmt"/>
      <line num="41" count="49" type="cond" truecount="1" falsecount="1"/>
      <line num="42" count="49" type="cond" truecount="4" falsecount="0"/>
      <line num="43" count="49" type="cond" truecount="2" falsecount="0"/>
      <line num="44" count="49" type="stmt"/>
      <line num="45" count="49" type="stmt"/>
      <line num="46" count="49" type="stmt"/>
      <line num="47" count="49" type="cond" truecount="1" falsecount="1"/>
      <line num="48" count="0" type="stmt"/>
      <line num="50" count="49" type="stmt"/>
      <line num="54" count="31" type="cond" truecount="2" falsecount="2"/>
      <line num="55" count="0" type="stmt"/>
      <line num="56" count="31" type="cond" truecount="2" falsecount="0"/>
      <line num="57" count="20" type="stmt"/>
      <line num="58" count="11" type="cond" truecount="2" falsecount="0"/>
      <line num="59" count="1" type="cond" truecount="1" falsecount="1"/>
      <line num="62" count="10" type="stmt"/>
      <line num="69" count="1" type="stmt"/>
      <line num="70" count="1" type="stmt"/>
      <line num="72" count="1" type="cond" truecount="1" falsecount="1"/>
      <line num="73" count="1" type="cond" truecount="1" falsecount="1"/>
      <line num="74" count="0" type="stmt"/>
      <line num="76" count="1" type="cond" truecount="1" falsecount="1"/>
      <line num="77" count="0" type="stmt"/>
      <line num="78" count="0" type="stmt"/>
      <line num="80" count="1" type="stmt"/>
      <line num="81" count="1" type="stmt"/>
      <line num="82" count="0" type="cond" truecount="0" falsecount="2"/>
      <line num="83" count="0" type="cond" truecount="0" falsecount="2"/>
      <line num="84" count="0" type="stmt"/>
      <line num="86" count="0" type="stmt"/>
      <line num="87" count="0" type="stmt"/>
      <line num="88" count="0" type="stmt"/>
      <line num="91" count="1" type="stmt"/>
      <line num="93" count="1" type="stmt"/>
      <line num="94" count="1" type="stmt"/>
    </file>
    <file name="Register.js" path="/Users/olegopolskiy/Desktop/Dev/GIT/ElectronicaB3_35/Electronica_B3_35/src/Core/Register.js">
      <metrics statements="67" coveredstatements="65" conditionals="30" coveredconditionals="28" methods="5" coveredmethods="5"/>
      <line num="2" count="13" type="stmt"/>
      <line num="15" count="53" type="stmt"/>
      <line num="16" count="53" type="stmt"/>
      <line num="17" count="53" type="cond" truecount="2" falsecount="0"/>
      <line num="18" count="53" type="cond" truecount="2" falsecount="0"/>
      <line num="19" count="53" type="stmt"/>
      <line num="23" count="23" type="cond" truecount="1" falsecount="1"/>
      <line num="24" count="0" type="stmt"/>
      <line num="27" count="23" type="stmt"/>
      <line num="28" count="23" type="stmt"/>
      <line num="30" count="23" type="stmt"/>
      <line num="32" count="23" type="stmt"/>
      <line num="33" count="115" type="stmt"/>
      <line num="34" count="115" type="stmt"/>
      <line num="36" count="23" type="stmt"/>
      <line num="37" count="23" type="stmt"/>
      <line num="38" count="40" type="stmt"/>
      <line num="39" count="40" type="stmt"/>
      <line num="42" count="23" type="stmt"/>
      <line num="43" count="23" type="stmt"/>
      <line num="45" count="23" type="stmt"/>
      <line num="49" count="21" type="stmt"/>
      <line num="51" count="21" type="cond" truecount="2" falsecount="0"/>
      <line num="52" count="7" type="stmt"/>
      <line num="53" count="7" type="stmt"/>
      <line num="54" count="7" type="stmt"/>
      <line num="55" count="64" type="cond" truecount="4" falsecount="0"/>
      <line num="56" count="8" type="stmt"/>
      <line num="58" count="56" type="cond" truecount="4" falsecount="0"/>
      <line num="59" count="21" type="stmt"/>
      <line num="61" count="35" type="stmt"/>
      <line num="65" count="14" type="stmt"/>
      <line num="66" count="14" type="stmt"/>
      <line num="67" count="20" type="cond" truecount="2" falsecount="0"/>
      <line num="68" count="6" type="stmt"/>
      <line num="70" count="14" type="stmt"/>
      <line num="74" count="21" type="stmt"/>
      <line num="79" count="16" type="cond" truecount="1" falsecount="1"/>
      <line num="80" count="0" type="stmt"/>
      <line num="83" count="16" type="cond" truecount="2" falsecount="0"/>
      <line num="84" count="7" type="stmt"/>
      <line num="87" count="16" type="stmt"/>
      <line num="88" count="16" type="stmt"/>
      <line num="89" count="16" type="stmt"/>
      <line num="91" count="16" type="stmt"/>
      <line num="95" count="16" type="stmt"/>
      <line num="96" count="16" type="cond" truecount="2" falsecount="0"/>
      <line num="97" count="10" type="cond" truecount="2" falsecount="0"/>
      <line num="99" count="5" type="stmt"/>
      <line num="100" count="26" type="stmt"/>
      <line num="101" count="26" type="stmt"/>
      <line num="106" count="5" type="stmt"/>
      <line num="107" count="23" type="stmt"/>
      <line num="108" count="23" type="stmt"/>
      <line num="111" count="6" type="cond" truecount="2" falsecount="0"/>
      <line num="112" count="4" type="cond" truecount="2" falsecount="0"/>
      <line num="114" count="1" type="stmt"/>
      <line num="115" count="2" type="stmt"/>
      <line num="116" count="2" type="stmt"/>
      <line num="118" count="1" type="stmt"/>
      <line num="121" count="3" type="stmt"/>
      <line num="122" count="17" type="stmt"/>
      <line num="123" count="17" type="stmt"/>
      <line num="128" count="16" type="stmt"/>
      <line num="129" count="16" type="stmt"/>
      <line num="130" count="16" type="stmt"/>
      <line num="131" count="16" type="stmt"/>
    </file>
    <file name="SelfState.js" path="/Users/olegopolskiy/Desktop/Dev/GIT/ElectronicaB3_35/Electronica_B3_35/src/Core/SelfState.js">
      <metrics statements="1" coveredstatements="1" conditionals="0" coveredconditionals="0" methods="1" coveredmethods="1"/>
      <line num="2" count="7" type="stmt"/>
    </file>
  </project>
</coverage>
