{"/Users/olegopolskiy/Desktop/Dev/GIT/ElectronicaB3_35/Electronica_B3_35/src/Core/DisplayHandler.js": {"path":"/Users/olegopolskiy/Desktop/Dev/GIT/ElectronicaB3_35/Electronica_B3_35/src/Core/DisplayHandler.js","statementMap":{"0":{"start":{"line":2,"column":21},"end":{"line":4,"column":67}},"1":{"start":{"line":5,"column":23},"end":{"line":5,"column":40}},"2":{"start":{"line":6,"column":4},"end":{"line":6,"column":46}},"3":{"start":{"line":7,"column":20},"end":{"line":9,"column":139}},"4":{"start":{"line":10,"column":4},"end":{"line":10,"column":40}},"5":{"start":{"line":11,"column":4},"end":{"line":11,"column":36}}},"fnMap":{"0":{"name":"DisplayString","decl":{"start":{"line":1,"column":16},"end":{"line":1,"column":29}},"loc":{"start":{"line":1,"column":46},"end":{"line":12,"column":1}},"line":1}},"branchMap":{"0":{"loc":{"start":{"line":2,"column":22},"end":{"line":2,"column":63}},"type":"cond-expr","locations":[{"start":{"line":2,"column":55},"end":{"line":2,"column":57}},{"start":{"line":2,"column":60},"end":{"line":2,"column":63}}],"line":2},"1":{"loc":{"start":{"line":4,"column":9},"end":{"line":4,"column":66}},"type":"cond-expr","locations":[{"start":{"line":4,"column":58},"end":{"line":4,"column":60}},{"start":{"line":4,"column":63},"end":{"line":4,"column":66}}],"line":4},"2":{"loc":{"start":{"line":7,"column":21},"end":{"line":7,"column":60}},"type":"cond-expr","locations":[{"start":{"line":7,"column":52},"end":{"line":7,"column":54}},{"start":{"line":7,"column":57},"end":{"line":7,"column":60}}],"line":7},"3":{"loc":{"start":{"line":8,"column":9},"end":{"line":9,"column":138}},"type":"cond-expr","locations":[{"start":{"line":9,"column":12},"end":{"line":9,"column":42}},{"start":{"line":9,"column":46},"end":{"line":9,"column":137}}],"line":8},"4":{"loc":{"start":{"line":8,"column":10},"end":{"line":8,"column":67}},"type":"binary-expr","locations":[{"start":{"line":8,"column":10},"end":{"line":8,"column":36}},{"start":{"line":8,"column":41},"end":{"line":8,"column":67}}],"line":8},"5":{"loc":{"start":{"line":9,"column":46},"end":{"line":9,"column":137}},"type":"cond-expr","locations":[{"start":{"line":9,"column":100},"end":{"line":9,"column":132}},{"start":{"line":9,"column":135},"end":{"line":9,"column":137}}],"line":9},"6":{"loc":{"start":{"line":9,"column":46},"end":{"line":9,"column":97}},"type":"binary-expr","locations":[{"start":{"line":9,"column":46},"end":{"line":9,"column":73}},{"start":{"line":9,"column":77},"end":{"line":9,"column":97}}],"line":9}},"s":{"0":13,"1":13,"2":13,"3":13,"4":13,"5":13},"f":{"0":13},"b":{"0":[6,7],"1":[6,7],"2":[4,9],"3":[8,5],"4":[13,9],"5":[0,5],"6":[5,0]},"_coverageSchema":"1a1c01bbd47fc00a2c39e90264f33305004495a9","hash":"51bd46553c09ea9e025cc7b1d99e200f749e393c"}
,"/Users/olegopolskiy/Desktop/Dev/GIT/ElectronicaB3_35/Electronica_B3_35/src/Core/KeyHandler.js": {"path":"/Users/olegopolskiy/Desktop/Dev/GIT/ElectronicaB3_35/Electronica_B3_35/src/Core/KeyHandler.js","statementMap":{"0":{"start":{"line":4,"column":18},"end":{"line":4,"column":27}},"1":{"start":{"line":5,"column":18},"end":{"line":5,"column":27}},"2":{"start":{"line":9,"column":25},"end":{"line":9,"column":41}},"3":{"start":{"line":10,"column":4},"end":{"line":32,"column":5}},"4":{"start":{"line":11,"column":8},"end":{"line":19,"column":9}},"5":{"start":{"line":12,"column":12},"end":{"line":12,"column":24}},"6":{"start":{"line":13,"column":13},"end":{"line":19,"column":9}},"7":{"start":{"line":14,"column":12},"end":{"line":14,"column":38}},"8":{"start":{"line":16,"column":12},"end":{"line":17,"column":28}},"9":{"start":{"line":17,"column":16},"end":{"line":17,"column":28}},"10":{"start":{"line":18,"column":12},"end":{"line":18,"column":38}},"11":{"start":{"line":20,"column":10},"end":{"line":32,"column":5}},"12":{"start":{"line":21,"column":8},"end":{"line":27,"column":9}},"13":{"start":{"line":22,"column":12},"end":{"line":23,"column":91}},"14":{"start":{"line":23,"column":16},"end":{"line":23,"column":91}},"15":{"start":{"line":25,"column":12},"end":{"line":26,"column":91}},"16":{"start":{"line":26,"column":16},"end":{"line":26,"column":91}},"17":{"start":{"line":28,"column":10},"end":{"line":32,"column":5}},"18":{"start":{"line":29,"column":8},"end":{"line":29,"column":72}},"19":{"start":{"line":30,"column":10},"end":{"line":32,"column":5}},"20":{"start":{"line":31,"column":8},"end":{"line":31,"column":30}},"21":{"start":{"line":33,"column":4},"end":{"line":33,"column":55}},"22":{"start":{"line":34,"column":4},"end":{"line":34,"column":53}},"23":{"start":{"line":35,"column":4},"end":{"line":35,"column":42}},"24":{"start":{"line":36,"column":4},"end":{"line":43,"column":7}}},"fnMap":{"0":{"name":"KeyHandler","decl":{"start":{"line":3,"column":16},"end":{"line":3,"column":26}},"loc":{"start":{"line":3,"column":39},"end":{"line":44,"column":1}},"line":3}},"branchMap":{"0":{"loc":{"start":{"line":10,"column":4},"end":{"line":32,"column":5}},"type":"if","locations":[{"start":{"line":10,"column":4},"end":{"line":32,"column":5}},{"start":{"line":20,"column":10},"end":{"line":32,"column":5}}],"line":10},"1":{"loc":{"start":{"line":11,"column":8},"end":{"line":19,"column":9}},"type":"if","locations":[{"start":{"line":11,"column":8},"end":{"line":19,"column":9}},{"start":{"line":13,"column":13},"end":{"line":19,"column":9}}],"line":11},"2":{"loc":{"start":{"line":11,"column":11},"end":{"line":11,"column":46}},"type":"binary-expr","locations":[{"start":{"line":11,"column":11},"end":{"line":11,"column":25}},{"start":{"line":11,"column":29},"end":{"line":11,"column":46}}],"line":11},"3":{"loc":{"start":{"line":13,"column":13},"end":{"line":19,"column":9}},"type":"if","locations":[{"start":{"line":13,"column":13},"end":{"line":19,"column":9}},{"start":{"line":15,"column":12},"end":{"line":19,"column":9}}],"line":13},"4":{"loc":{"start":{"line":16,"column":12},"end":{"line":17,"column":28}},"type":"if","locations":[{"start":{"line":16,"column":12},"end":{"line":17,"column":28}},{"start":{},"end":{}}],"line":16},"5":{"loc":{"start":{"line":16,"column":15},"end":{"line":16,"column":61}},"type":"binary-expr","locations":[{"start":{"line":16,"column":15},"end":{"line":16,"column":46}},{"start":{"line":16,"column":50},"end":{"line":16,"column":61}}],"line":16},"6":{"loc":{"start":{"line":20,"column":10},"end":{"line":32,"column":5}},"type":"if","locations":[{"start":{"line":20,"column":10},"end":{"line":32,"column":5}},{"start":{"line":28,"column":10},"end":{"line":32,"column":5}}],"line":20},"7":{"loc":{"start":{"line":21,"column":8},"end":{"line":27,"column":9}},"type":"if","locations":[{"start":{"line":21,"column":8},"end":{"line":27,"column":9}},{"start":{"line":24,"column":13},"end":{"line":27,"column":9}}],"line":21},"8":{"loc":{"start":{"line":22,"column":12},"end":{"line":23,"column":91}},"type":"if","locations":[{"start":{"line":22,"column":12},"end":{"line":23,"column":91}},{"start":{},"end":{}}],"line":22},"9":{"loc":{"start":{"line":23,"column":26},"end":{"line":23,"column":90}},"type":"cond-expr","locations":[{"start":{"line":23,"column":54},"end":{"line":23,"column":72}},{"start":{"line":23,"column":75},"end":{"line":23,"column":90}}],"line":23},"10":{"loc":{"start":{"line":25,"column":12},"end":{"line":26,"column":91}},"type":"if","locations":[{"start":{"line":25,"column":12},"end":{"line":26,"column":91}},{"start":{},"end":{}}],"line":25},"11":{"loc":{"start":{"line":26,"column":26},"end":{"line":26,"column":90}},"type":"cond-expr","locations":[{"start":{"line":26,"column":54},"end":{"line":26,"column":72}},{"start":{"line":26,"column":75},"end":{"line":26,"column":90}}],"line":26},"12":{"loc":{"start":{"line":28,"column":10},"end":{"line":32,"column":5}},"type":"if","locations":[{"start":{"line":28,"column":10},"end":{"line":32,"column":5}},{"start":{"line":30,"column":10},"end":{"line":32,"column":5}}],"line":28},"13":{"loc":{"start":{"line":29,"column":18},"end":{"line":29,"column":71}},"type":"cond-expr","locations":[{"start":{"line":29,"column":44},"end":{"line":29,"column":53}},{"start":{"line":29,"column":56},"end":{"line":29,"column":71}}],"line":29},"14":{"loc":{"start":{"line":30,"column":10},"end":{"line":32,"column":5}},"type":"if","locations":[{"start":{"line":30,"column":10},"end":{"line":32,"column":5}},{"start":{},"end":{}}],"line":30},"15":{"loc":{"start":{"line":33,"column":18},"end":{"line":33,"column":54}},"type":"cond-expr","locations":[{"start":{"line":33,"column":35},"end":{"line":33,"column":36}},{"start":{"line":33,"column":39},"end":{"line":33,"column":54}}],"line":33},"16":{"loc":{"start":{"line":34,"column":16},"end":{"line":34,"column":52}},"type":"cond-expr","locations":[{"start":{"line":34,"column":33},"end":{"line":34,"column":34}},{"start":{"line":34,"column":37},"end":{"line":34,"column":52}}],"line":34}},"s":{"0":22,"1":22,"2":22,"3":22,"4":15,"5":0,"6":15,"7":13,"8":2,"9":0,"10":2,"11":7,"12":3,"13":1,"14":1,"15":2,"16":2,"17":4,"18":3,"19":1,"20":1,"21":22,"22":22,"23":22,"24":22},"f":{"0":22},"b":{"0":[15,7],"1":[0,15],"2":[15,0],"3":[13,2],"4":[0,2],"5":[2,2],"6":[3,4],"7":[1,2],"8":[1,0],"9":[0,1],"10":[2,0],"11":[0,2],"12":[3,1],"13":[0,3],"14":[1,0],"15":[0,22],"16":[19,3]},"_coverageSchema":"1a1c01bbd47fc00a2c39e90264f33305004495a9","hash":"d79155f809d12839ad0c2edde4b178d7566f657f"}
,"/Users/olegopolskiy/Desktop/Dev/GIT/ElectronicaB3_35/Electronica_B3_35/src/Core/Register.js": {"path":"/Users/olegopolskiy/Desktop/Dev/GIT/ElectronicaB3_35/Electronica_B3_35/src/Core/Register.js","statementMap":{"0":{"start":{"line":2,"column":4},"end":{"line":11,"column":6}},"1":{"start":{"line":15,"column":15},"end":{"line":15,"column":31}},"2":{"start":{"line":16,"column":14},"end":{"line":16,"column":23}},"3":{"start":{"line":17,"column":4},"end":{"line":17,"column":45}},"4":{"start":{"line":18,"column":4},"end":{"line":18,"column":45}},"5":{"start":{"line":19,"column":4},"end":{"line":19,"column":22}}},"fnMap":{"0":{"name":"ResetRegister","decl":{"start":{"line":1,"column":16},"end":{"line":1,"column":29}},"loc":{"start":{"line":1,"column":32},"end":{"line":12,"column":1}},"line":1},"1":{"name":"IsOverflow","decl":{"start":{"line":14,"column":16},"end":{"line":14,"column":26}},"loc":{"start":{"line":14,"column":37},"end":{"line":20,"column":1}},"line":14}},"branchMap":{"0":{"loc":{"start":{"line":17,"column":11},"end":{"line":17,"column":43}},"type":"cond-expr","locations":[{"start":{"line":17,"column":30},"end":{"line":17,"column":37}},{"start":{"line":17,"column":40},"end":{"line":17,"column":43}}],"line":17},"1":{"loc":{"start":{"line":18,"column":11},"end":{"line":18,"column":43}},"type":"cond-expr","locations":[{"start":{"line":18,"column":30},"end":{"line":18,"column":37}},{"start":{"line":18,"column":40},"end":{"line":18,"column":43}}],"line":18}},"s":{"0":7,"1":26,"2":26,"3":26,"4":26,"5":26},"f":{"0":7,"1":26},"b":{"0":[8,18],"1":[21,5]},"_coverageSchema":"1a1c01bbd47fc00a2c39e90264f33305004495a9","hash":"12e2c3cc1c687a84da8826defd68132b1ef848c8"}
}
