{"/Users/olegopolskiy/Desktop/Dev/GIT/ElectronicaB3_35/Electronica_B3_35/src/Core/DisplayHandler.js": {"path":"/Users/olegopolskiy/Desktop/Dev/GIT/ElectronicaB3_35/Electronica_B3_35/src/Core/DisplayHandler.js","statementMap":{"0":{"start":{"line":2,"column":4},"end":{"line":4,"column":5}},"1":{"start":{"line":3,"column":8},"end":{"line":3,"column":42}},"2":{"start":{"line":5,"column":21},"end":{"line":7,"column":81}},"3":{"start":{"line":8,"column":23},"end":{"line":8,"column":40}},"4":{"start":{"line":9,"column":4},"end":{"line":9,"column":46}},"5":{"start":{"line":10,"column":20},"end":{"line":12,"column":137}},"6":{"start":{"line":13,"column":4},"end":{"line":13,"column":40}},"7":{"start":{"line":14,"column":4},"end":{"line":14,"column":36}},"8":{"start":{"line":18,"column":4},"end":{"line":18,"column":30}},"9":{"start":{"line":18,"column":19},"end":{"line":18,"column":30}},"10":{"start":{"line":20,"column":16},"end":{"line":20,"column":30}},"11":{"start":{"line":23,"column":4},"end":{"line":52,"column":5}},"12":{"start":{"line":24,"column":32},"end":{"line":24,"column":46}},"13":{"start":{"line":25,"column":18},"end":{"line":25,"column":38}},"14":{"start":{"line":26,"column":18},"end":{"line":26,"column":35}},"15":{"start":{"line":29,"column":16},"end":{"line":29,"column":41}},"16":{"start":{"line":30,"column":21},"end":{"line":30,"column":84}},"17":{"start":{"line":33,"column":8},"end":{"line":33,"column":20}},"18":{"start":{"line":35,"column":8},"end":{"line":44,"column":9}},"19":{"start":{"line":37,"column":12},"end":{"line":37,"column":47}},"20":{"start":{"line":38,"column":15},"end":{"line":44,"column":9}},"21":{"start":{"line":40,"column":12},"end":{"line":40,"column":50}},"22":{"start":{"line":43,"column":12},"end":{"line":43,"column":59}},"23":{"start":{"line":47,"column":8},"end":{"line":47,"column":45}},"24":{"start":{"line":48,"column":8},"end":{"line":50,"column":9}},"25":{"start":{"line":49,"column":12},"end":{"line":49,"column":40}},"26":{"start":{"line":51,"column":8},"end":{"line":51,"column":17}},"27":{"start":{"line":55,"column":4},"end":{"line":57,"column":5}},"28":{"start":{"line":56,"column":8},"end":{"line":56,"column":41}},"29":{"start":{"line":59,"column":4},"end":{"line":59,"column":15}}},"fnMap":{"0":{"name":"DisplayString","decl":{"start":{"line":1,"column":16},"end":{"line":1,"column":29}},"loc":{"start":{"line":1,"column":57},"end":{"line":15,"column":1}},"line":1},"1":{"name":"preciseFloatToString","decl":{"start":{"line":17,"column":9},"end":{"line":17,"column":29}},"loc":{"start":{"line":17,"column":35},"end":{"line":60,"column":1}},"line":17}},"branchMap":{"0":{"loc":{"start":{"line":2,"column":4},"end":{"line":4,"column":5}},"type":"if","locations":[{"start":{"line":2,"column":4},"end":{"line":4,"column":5}},{"start":{},"end":{}}],"line":2},"1":{"loc":{"start":{"line":5,"column":22},"end":{"line":5,"column":63}},"type":"cond-expr","locations":[{"start":{"line":5,"column":55},"end":{"line":5,"column":57}},{"start":{"line":5,"column":60},"end":{"line":5,"column":63}}],"line":5},"2":{"loc":{"start":{"line":7,"column":9},"end":{"line":7,"column":80}},"type":"cond-expr","locations":[{"start":{"line":7,"column":72},"end":{"line":7,"column":74}},{"start":{"line":7,"column":77},"end":{"line":7,"column":80}}],"line":7},"3":{"loc":{"start":{"line":10,"column":21},"end":{"line":10,"column":60}},"type":"cond-expr","locations":[{"start":{"line":10,"column":52},"end":{"line":10,"column":54}},{"start":{"line":10,"column":57},"end":{"line":10,"column":60}}],"line":10},"4":{"loc":{"start":{"line":11,"column":9},"end":{"line":12,"column":136}},"type":"cond-expr","locations":[{"start":{"line":12,"column":12},"end":{"line":12,"column":42}},{"start":{"line":12,"column":46},"end":{"line":12,"column":135}}],"line":11},"5":{"loc":{"start":{"line":11,"column":10},"end":{"line":11,"column":67}},"type":"binary-expr","locations":[{"start":{"line":11,"column":10},"end":{"line":11,"column":36}},{"start":{"line":11,"column":41},"end":{"line":11,"column":67}}],"line":11},"6":{"loc":{"start":{"line":12,"column":46},"end":{"line":12,"column":135}},"type":"cond-expr","locations":[{"start":{"line":12,"column":100},"end":{"line":12,"column":130}},{"start":{"line":12,"column":133},"end":{"line":12,"column":135}}],"line":12},"7":{"loc":{"start":{"line":12,"column":46},"end":{"line":12,"column":97}},"type":"binary-expr","locations":[{"start":{"line":12,"column":46},"end":{"line":12,"column":73}},{"start":{"line":12,"column":77},"end":{"line":12,"column":97}}],"line":12},"8":{"loc":{"start":{"line":18,"column":4},"end":{"line":18,"column":30}},"type":"if","locations":[{"start":{"line":18,"column":4},"end":{"line":18,"column":30}},{"start":{},"end":{}}],"line":18},"9":{"loc":{"start":{"line":23,"column":4},"end":{"line":52,"column":5}},"type":"if","locations":[{"start":{"line":23,"column":4},"end":{"line":52,"column":5}},{"start":{},"end":{}}],"line":23},"10":{"loc":{"start":{"line":30,"column":21},"end":{"line":30,"column":84}},"type":"cond-expr","locations":[{"start":{"line":30,"column":52},"end":{"line":30,"column":73}},{"start":{"line":30,"column":76},"end":{"line":30,"column":84}}],"line":30},"11":{"loc":{"start":{"line":35,"column":8},"end":{"line":44,"column":9}},"type":"if","locations":[{"start":{"line":35,"column":8},"end":{"line":44,"column":9}},{"start":{"line":38,"column":15},"end":{"line":44,"column":9}}],"line":35},"12":{"loc":{"start":{"line":38,"column":15},"end":{"line":44,"column":9}},"type":"if","locations":[{"start":{"line":38,"column":15},"end":{"line":44,"column":9}},{"start":{"line":41,"column":15},"end":{"line":44,"column":9}}],"line":38},"13":{"loc":{"start":{"line":48,"column":8},"end":{"line":50,"column":9}},"type":"if","locations":[{"start":{"line":48,"column":8},"end":{"line":50,"column":9}},{"start":{},"end":{}}],"line":48},"14":{"loc":{"start":{"line":55,"column":4},"end":{"line":57,"column":5}},"type":"if","locations":[{"start":{"line":55,"column":4},"end":{"line":57,"column":5}},{"start":{},"end":{}}],"line":55}},"s":{"0":13,"1":0,"2":13,"3":13,"4":13,"5":13,"6":13,"7":13,"8":26,"9":2,"10":24,"11":24,"12":0,"13":0,"14":0,"15":0,"16":0,"17":0,"18":0,"19":0,"20":0,"21":0,"22":0,"23":0,"24":0,"25":0,"26":0,"27":24,"28":12,"29":12},"f":{"0":13,"1":26},"b":{"0":[0,13],"1":[6,7],"2":[6,7],"3":[4,9],"4":[8,5],"5":[13,9],"6":[0,5],"7":[5,0],"8":[2,24],"9":[0,24],"10":[0,0],"11":[0,0],"12":[0,0],"13":[0,0],"14":[12,12]},"_coverageSchema":"1a1c01bbd47fc00a2c39e90264f33305004495a9","hash":"4ea22244850d82edc92faf273710308833e1e7dd"}
,"/Users/olegopolskiy/Desktop/Dev/GIT/ElectronicaB3_35/Electronica_B3_35/src/Core/KeyHandler.js": {"path":"/Users/olegopolskiy/Desktop/Dev/GIT/ElectronicaB3_35/Electronica_B3_35/src/Core/KeyHandler.js","statementMap":{"0":{"start":{"line":5,"column":14},"end":{"line":11,"column":5}},"1":{"start":{"line":12,"column":16},"end":{"line":12,"column":21}},"2":{"start":{"line":13,"column":14},"end":{"line":13,"column":34}},"3":{"start":{"line":14,"column":29},"end":{"line":14,"column":34}},"4":{"start":{"line":16,"column":4},"end":{"line":22,"column":5}},"5":{"start":{"line":17,"column":8},"end":{"line":21,"column":9}},"6":{"start":{"line":18,"column":12},"end":{"line":18,"column":121}},"7":{"start":{"line":20,"column":12},"end":{"line":20,"column":54}},"8":{"start":{"line":24,"column":17},"end":{"line":24,"column":23}},"9":{"start":{"line":25,"column":16},"end":{"line":25,"column":21}},"10":{"start":{"line":27,"column":4},"end":{"line":64,"column":5}},"11":{"start":{"line":28,"column":8},"end":{"line":33,"column":59}},"12":{"start":{"line":29,"column":12},"end":{"line":29,"column":82}},"13":{"start":{"line":30,"column":13},"end":{"line":33,"column":59}},"14":{"start":{"line":31,"column":12},"end":{"line":31,"column":77}},"15":{"start":{"line":33,"column":12},"end":{"line":33,"column":59}},"16":{"start":{"line":34,"column":10},"end":{"line":64,"column":5}},"17":{"start":{"line":35,"column":8},"end":{"line":43,"column":9}},"18":{"start":{"line":36,"column":12},"end":{"line":36,"column":82}},"19":{"start":{"line":37,"column":13},"end":{"line":43,"column":9}},"20":{"start":{"line":38,"column":12},"end":{"line":39,"column":100}},"21":{"start":{"line":39,"column":16},"end":{"line":39,"column":100}},"22":{"start":{"line":41,"column":12},"end":{"line":42,"column":100}},"23":{"start":{"line":42,"column":16},"end":{"line":42,"column":100}},"24":{"start":{"line":44,"column":10},"end":{"line":64,"column":5}},"25":{"start":{"line":45,"column":8},"end":{"line":49,"column":9}},"26":{"start":{"line":46,"column":12},"end":{"line":46,"column":82}},"27":{"start":{"line":48,"column":12},"end":{"line":48,"column":85}},"28":{"start":{"line":50,"column":10},"end":{"line":64,"column":5}},"29":{"start":{"line":51,"column":8},"end":{"line":51,"column":33}},"30":{"start":{"line":52,"column":10},"end":{"line":64,"column":5}},"31":{"start":{"line":53,"column":8},"end":{"line":53,"column":100}},"32":{"start":{"line":54,"column":10},"end":{"line":64,"column":5}},"33":{"start":{"line":55,"column":8},"end":{"line":59,"column":9}},"34":{"start":{"line":56,"column":12},"end":{"line":56,"column":82}},"35":{"start":{"line":58,"column":12},"end":{"line":58,"column":60}},"36":{"start":{"line":60,"column":10},"end":{"line":64,"column":5}},"37":{"start":{"line":61,"column":8},"end":{"line":61,"column":79}},"38":{"start":{"line":62,"column":10},"end":{"line":64,"column":5}},"39":{"start":{"line":63,"column":8},"end":{"line":63,"column":72}},"40":{"start":{"line":65,"column":4},"end":{"line":65,"column":64}},"41":{"start":{"line":66,"column":4},"end":{"line":66,"column":79}},"42":{"start":{"line":67,"column":4},"end":{"line":67,"column":62}},"43":{"start":{"line":68,"column":4},"end":{"line":68,"column":49}},"44":{"start":{"line":70,"column":4},"end":{"line":71,"column":31}},"45":{"start":{"line":71,"column":8},"end":{"line":71,"column":31}},"46":{"start":{"line":73,"column":16},"end":{"line":73,"column":69}},"47":{"start":{"line":74,"column":4},"end":{"line":76,"column":5}},"48":{"start":{"line":75,"column":8},"end":{"line":75,"column":30}},"49":{"start":{"line":77,"column":4},"end":{"line":77,"column":35}},"50":{"start":{"line":81,"column":4},"end":{"line":90,"column":5}},"51":{"start":{"line":82,"column":8},"end":{"line":82,"column":20}},"52":{"start":{"line":83,"column":9},"end":{"line":90,"column":5}},"53":{"start":{"line":84,"column":8},"end":{"line":84,"column":35}},"54":{"start":{"line":85,"column":9},"end":{"line":90,"column":5}},"55":{"start":{"line":86,"column":8},"end":{"line":86,"column":64}},"56":{"start":{"line":89,"column":8},"end":{"line":89,"column":35}},"57":{"start":{"line":96,"column":17},"end":{"line":96,"column":28}},"58":{"start":{"line":97,"column":19},"end":{"line":97,"column":32}},"59":{"start":{"line":99,"column":4},"end":{"line":178,"column":5}},"60":{"start":{"line":100,"column":8},"end":{"line":102,"column":9}},"61":{"start":{"line":101,"column":12},"end":{"line":101,"column":24}},"62":{"start":{"line":103,"column":8},"end":{"line":106,"column":9}},"63":{"start":{"line":104,"column":12},"end":{"line":104,"column":24}},"64":{"start":{"line":105,"column":12},"end":{"line":105,"column":27}},"65":{"start":{"line":107,"column":8},"end":{"line":107,"column":42}},"66":{"start":{"line":108,"column":8},"end":{"line":108,"column":31}},"67":{"start":{"line":109,"column":10},"end":{"line":178,"column":5}},"68":{"start":{"line":110,"column":8},"end":{"line":112,"column":9}},"69":{"start":{"line":111,"column":12},"end":{"line":111,"column":24}},"70":{"start":{"line":113,"column":8},"end":{"line":113,"column":38}},"71":{"start":{"line":114,"column":8},"end":{"line":114,"column":33}},"72":{"start":{"line":115,"column":10},"end":{"line":178,"column":5}},"73":{"start":{"line":116,"column":8},"end":{"line":116,"column":25}},"74":{"start":{"line":117,"column":8},"end":{"line":117,"column":34}},"75":{"start":{"line":118,"column":10},"end":{"line":178,"column":5}},"76":{"start":{"line":119,"column":28},"end":{"line":119,"column":38}},"77":{"start":{"line":121,"column":21},"end":{"line":121,"column":62}},"78":{"start":{"line":123,"column":8},"end":{"line":125,"column":9}},"79":{"start":{"line":124,"column":12},"end":{"line":124,"column":24}},"80":{"start":{"line":126,"column":8},"end":{"line":126,"column":37}},"81":{"start":{"line":127,"column":8},"end":{"line":127,"column":22}},"82":{"start":{"line":128,"column":10},"end":{"line":178,"column":5}},"83":{"start":{"line":129,"column":8},"end":{"line":131,"column":9}},"84":{"start":{"line":130,"column":12},"end":{"line":130,"column":24}},"85":{"start":{"line":132,"column":8},"end":{"line":132,"column":72}},"86":{"start":{"line":133,"column":8},"end":{"line":133,"column":22}},"87":{"start":{"line":134,"column":10},"end":{"line":178,"column":5}},"88":{"start":{"line":135,"column":8},"end":{"line":137,"column":9}},"89":{"start":{"line":136,"column":12},"end":{"line":136,"column":24}},"90":{"start":{"line":138,"column":8},"end":{"line":138,"column":62}},"91":{"start":{"line":139,"column":8},"end":{"line":139,"column":22}},"92":{"start":{"line":140,"column":10},"end":{"line":178,"column":5}},"93":{"start":{"line":141,"column":18},"end":{"line":141,"column":40}},"94":{"start":{"line":142,"column":8},"end":{"line":142,"column":35}},"95":{"start":{"line":143,"column":8},"end":{"line":143,"column":31}},"96":{"start":{"line":144,"column":10},"end":{"line":178,"column":5}},"97":{"start":{"line":145,"column":18},"end":{"line":145,"column":40}},"98":{"start":{"line":146,"column":8},"end":{"line":146,"column":35}},"99":{"start":{"line":147,"column":8},"end":{"line":147,"column":31}},"100":{"start":{"line":148,"column":10},"end":{"line":178,"column":5}},"101":{"start":{"line":149,"column":18},"end":{"line":149,"column":41}},"102":{"start":{"line":150,"column":8},"end":{"line":152,"column":9}},"103":{"start":{"line":151,"column":12},"end":{"line":151,"column":24}},"104":{"start":{"line":153,"column":8},"end":{"line":153,"column":35}},"105":{"start":{"line":154,"column":8},"end":{"line":154,"column":31}},"106":{"start":{"line":155,"column":10},"end":{"line":178,"column":5}},"107":{"start":{"line":156,"column":18},"end":{"line":156,"column":41}},"108":{"start":{"line":157,"column":8},"end":{"line":159,"column":9}},"109":{"start":{"line":158,"column":12},"end":{"line":158,"column":24}},"110":{"start":{"line":160,"column":8},"end":{"line":160,"column":35}},"111":{"start":{"line":161,"column":8},"end":{"line":161,"column":31}},"112":{"start":{"line":162,"column":10},"end":{"line":178,"column":5}},"113":{"start":{"line":163,"column":18},"end":{"line":163,"column":41}},"114":{"start":{"line":164,"column":8},"end":{"line":166,"column":9}},"115":{"start":{"line":165,"column":12},"end":{"line":165,"column":24}},"116":{"start":{"line":167,"column":8},"end":{"line":167,"column":35}},"117":{"start":{"line":168,"column":8},"end":{"line":168,"column":31}},"118":{"start":{"line":169,"column":10},"end":{"line":178,"column":5}},"119":{"start":{"line":170,"column":18},"end":{"line":170,"column":40}},"120":{"start":{"line":171,"column":8},"end":{"line":173,"column":9}},"121":{"start":{"line":172,"column":12},"end":{"line":172,"column":24}},"122":{"start":{"line":174,"column":8},"end":{"line":174,"column":35}},"123":{"start":{"line":175,"column":8},"end":{"line":175,"column":31}},"124":{"start":{"line":177,"column":8},"end":{"line":177,"column":21}},"125":{"start":{"line":180,"column":22},"end":{"line":180,"column":83}},"126":{"start":{"line":182,"column":4},"end":{"line":182,"column":42}},"127":{"start":{"line":183,"column":4},"end":{"line":183,"column":40}},"128":{"start":{"line":190,"column":4},"end":{"line":213,"column":5}},"129":{"start":{"line":191,"column":18},"end":{"line":191,"column":43}},"130":{"start":{"line":192,"column":8},"end":{"line":194,"column":9}},"131":{"start":{"line":193,"column":12},"end":{"line":193,"column":24}},"132":{"start":{"line":195,"column":8},"end":{"line":195,"column":35}},"133":{"start":{"line":196,"column":8},"end":{"line":196,"column":31}},"134":{"start":{"line":197,"column":10},"end":{"line":213,"column":5}},"135":{"start":{"line":198,"column":18},"end":{"line":198,"column":43}},"136":{"start":{"line":199,"column":8},"end":{"line":201,"column":9}},"137":{"start":{"line":200,"column":12},"end":{"line":200,"column":24}},"138":{"start":{"line":202,"column":8},"end":{"line":202,"column":35}},"139":{"start":{"line":203,"column":8},"end":{"line":203,"column":31}},"140":{"start":{"line":204,"column":10},"end":{"line":213,"column":5}},"141":{"start":{"line":205,"column":18},"end":{"line":205,"column":43}},"142":{"start":{"line":206,"column":8},"end":{"line":208,"column":9}},"143":{"start":{"line":207,"column":12},"end":{"line":207,"column":24}},"144":{"start":{"line":209,"column":8},"end":{"line":209,"column":35}},"145":{"start":{"line":210,"column":8},"end":{"line":210,"column":31}},"146":{"start":{"line":212,"column":8},"end":{"line":212,"column":21}},"147":{"start":{"line":215,"column":22},"end":{"line":215,"column":83}},"148":{"start":{"line":217,"column":4},"end":{"line":217,"column":42}},"149":{"start":{"line":218,"column":4},"end":{"line":218,"column":40}}},"fnMap":{"0":{"name":"KeyHandler","decl":{"start":{"line":4,"column":16},"end":{"line":4,"column":26}},"loc":{"start":{"line":4,"column":50},"end":{"line":78,"column":1}},"line":4},"1":{"name":"NumberHandler","decl":{"start":{"line":80,"column":9},"end":{"line":80,"column":22}},"loc":{"start":{"line":80,"column":40},"end":{"line":91,"column":1}},"line":80},"2":{"name":"FunctionHandler","decl":{"start":{"line":93,"column":9},"end":{"line":93,"column":24}},"loc":{"start":{"line":93,"column":47},"end":{"line":184,"column":1}},"line":93},"3":{"name":"ArcHandler","decl":{"start":{"line":186,"column":9},"end":{"line":186,"column":19}},"loc":{"start":{"line":186,"column":42},"end":{"line":219,"column":1}},"line":186}},"branchMap":{"0":{"loc":{"start":{"line":16,"column":4},"end":{"line":22,"column":5}},"type":"if","locations":[{"start":{"line":16,"column":4},"end":{"line":22,"column":5}},{"start":{},"end":{}}],"line":16},"1":{"loc":{"start":{"line":17,"column":8},"end":{"line":21,"column":9}},"type":"if","locations":[{"start":{"line":17,"column":8},"end":{"line":21,"column":9}},{"start":{"line":19,"column":13},"end":{"line":21,"column":9}}],"line":17},"2":{"loc":{"start":{"line":27,"column":4},"end":{"line":64,"column":5}},"type":"if","locations":[{"start":{"line":27,"column":4},"end":{"line":64,"column":5}},{"start":{"line":34,"column":10},"end":{"line":64,"column":5}}],"line":27},"3":{"loc":{"start":{"line":28,"column":8},"end":{"line":33,"column":59}},"type":"if","locations":[{"start":{"line":28,"column":8},"end":{"line":33,"column":59}},{"start":{"line":30,"column":13},"end":{"line":33,"column":59}}],"line":28},"4":{"loc":{"start":{"line":30,"column":13},"end":{"line":33,"column":59}},"type":"if","locations":[{"start":{"line":30,"column":13},"end":{"line":33,"column":59}},{"start":{"line":33,"column":12},"end":{"line":33,"column":59}}],"line":30},"5":{"loc":{"start":{"line":34,"column":10},"end":{"line":64,"column":5}},"type":"if","locations":[{"start":{"line":34,"column":10},"end":{"line":64,"column":5}},{"start":{"line":44,"column":10},"end":{"line":64,"column":5}}],"line":34},"6":{"loc":{"start":{"line":35,"column":8},"end":{"line":43,"column":9}},"type":"if","locations":[{"start":{"line":35,"column":8},"end":{"line":43,"column":9}},{"start":{"line":37,"column":13},"end":{"line":43,"column":9}}],"line":35},"7":{"loc":{"start":{"line":37,"column":13},"end":{"line":43,"column":9}},"type":"if","locations":[{"start":{"line":37,"column":13},"end":{"line":43,"column":9}},{"start":{"line":40,"column":13},"end":{"line":43,"column":9}}],"line":37},"8":{"loc":{"start":{"line":38,"column":12},"end":{"line":39,"column":100}},"type":"if","locations":[{"start":{"line":38,"column":12},"end":{"line":39,"column":100}},{"start":{},"end":{}}],"line":38},"9":{"loc":{"start":{"line":39,"column":29},"end":{"line":39,"column":99}},"type":"cond-expr","locations":[{"start":{"line":39,"column":59},"end":{"line":39,"column":79}},{"start":{"line":39,"column":82},"end":{"line":39,"column":99}}],"line":39},"10":{"loc":{"start":{"line":41,"column":12},"end":{"line":42,"column":100}},"type":"if","locations":[{"start":{"line":41,"column":12},"end":{"line":42,"column":100}},{"start":{},"end":{}}],"line":41},"11":{"loc":{"start":{"line":42,"column":29},"end":{"line":42,"column":99}},"type":"cond-expr","locations":[{"start":{"line":42,"column":59},"end":{"line":42,"column":79}},{"start":{"line":42,"column":82},"end":{"line":42,"column":99}}],"line":42},"12":{"loc":{"start":{"line":44,"column":10},"end":{"line":64,"column":5}},"type":"if","locations":[{"start":{"line":44,"column":10},"end":{"line":64,"column":5}},{"start":{"line":50,"column":10},"end":{"line":64,"column":5}}],"line":44},"13":{"loc":{"start":{"line":45,"column":8},"end":{"line":49,"column":9}},"type":"if","locations":[{"start":{"line":45,"column":8},"end":{"line":49,"column":9}},{"start":{"line":47,"column":12},"end":{"line":49,"column":9}}],"line":45},"14":{"loc":{"start":{"line":48,"column":25},"end":{"line":48,"column":84}},"type":"cond-expr","locations":[{"start":{"line":48,"column":53},"end":{"line":48,"column":64}},{"start":{"line":48,"column":67},"end":{"line":48,"column":84}}],"line":48},"15":{"loc":{"start":{"line":50,"column":10},"end":{"line":64,"column":5}},"type":"if","locations":[{"start":{"line":50,"column":10},"end":{"line":64,"column":5}},{"start":{"line":52,"column":10},"end":{"line":64,"column":5}}],"line":50},"16":{"loc":{"start":{"line":52,"column":10},"end":{"line":64,"column":5}},"type":"if","locations":[{"start":{"line":52,"column":10},"end":{"line":64,"column":5}},{"start":{"line":54,"column":10},"end":{"line":64,"column":5}}],"line":52},"17":{"loc":{"start":{"line":54,"column":10},"end":{"line":64,"column":5}},"type":"if","locations":[{"start":{"line":54,"column":10},"end":{"line":64,"column":5}},{"start":{"line":60,"column":10},"end":{"line":64,"column":5}}],"line":54},"18":{"loc":{"start":{"line":55,"column":8},"end":{"line":59,"column":9}},"type":"if","locations":[{"start":{"line":55,"column":8},"end":{"line":59,"column":9}},{"start":{"line":57,"column":12},"end":{"line":59,"column":9}}],"line":55},"19":{"loc":{"start":{"line":60,"column":10},"end":{"line":64,"column":5}},"type":"if","locations":[{"start":{"line":60,"column":10},"end":{"line":64,"column":5}},{"start":{"line":62,"column":10},"end":{"line":64,"column":5}}],"line":60},"20":{"loc":{"start":{"line":62,"column":10},"end":{"line":64,"column":5}},"type":"if","locations":[{"start":{"line":62,"column":10},"end":{"line":64,"column":5}},{"start":{},"end":{}}],"line":62},"21":{"loc":{"start":{"line":65,"column":21},"end":{"line":65,"column":63}},"type":"cond-expr","locations":[{"start":{"line":65,"column":41},"end":{"line":65,"column":42}},{"start":{"line":65,"column":45},"end":{"line":65,"column":63}}],"line":65},"22":{"loc":{"start":{"line":66,"column":18},"end":{"line":66,"column":77}},"type":"cond-expr","locations":[{"start":{"line":66,"column":62},"end":{"line":66,"column":64}},{"start":{"line":66,"column":67},"end":{"line":66,"column":77}}],"line":66},"23":{"loc":{"start":{"line":66,"column":18},"end":{"line":66,"column":59}},"type":"binary-expr","locations":[{"start":{"line":66,"column":18},"end":{"line":66,"column":36}},{"start":{"line":66,"column":40},"end":{"line":66,"column":59}}],"line":66},"24":{"loc":{"start":{"line":67,"column":19},"end":{"line":67,"column":61}},"type":"cond-expr","locations":[{"start":{"line":67,"column":39},"end":{"line":67,"column":40}},{"start":{"line":67,"column":43},"end":{"line":67,"column":61}}],"line":67},"25":{"loc":{"start":{"line":70,"column":4},"end":{"line":71,"column":31}},"type":"if","locations":[{"start":{"line":70,"column":4},"end":{"line":71,"column":31}},{"start":{},"end":{}}],"line":70},"26":{"loc":{"start":{"line":74,"column":4},"end":{"line":76,"column":5}},"type":"if","locations":[{"start":{"line":74,"column":4},"end":{"line":76,"column":5}},{"start":{},"end":{}}],"line":74},"27":{"loc":{"start":{"line":74,"column":7},"end":{"line":74,"column":34}},"type":"binary-expr","locations":[{"start":{"line":74,"column":7},"end":{"line":74,"column":12}},{"start":{"line":74,"column":16},"end":{"line":74,"column":34}}],"line":74},"28":{"loc":{"start":{"line":81,"column":4},"end":{"line":90,"column":5}},"type":"if","locations":[{"start":{"line":81,"column":4},"end":{"line":90,"column":5}},{"start":{"line":83,"column":9},"end":{"line":90,"column":5}}],"line":81},"29":{"loc":{"start":{"line":81,"column":7},"end":{"line":81,"column":42}},"type":"binary-expr","locations":[{"start":{"line":81,"column":7},"end":{"line":81,"column":21}},{"start":{"line":81,"column":25},"end":{"line":81,"column":42}}],"line":81},"30":{"loc":{"start":{"line":83,"column":9},"end":{"line":90,"column":5}},"type":"if","locations":[{"start":{"line":83,"column":9},"end":{"line":90,"column":5}},{"start":{"line":85,"column":9},"end":{"line":90,"column":5}}],"line":83},"31":{"loc":{"start":{"line":85,"column":9},"end":{"line":90,"column":5}},"type":"if","locations":[{"start":{"line":85,"column":9},"end":{"line":90,"column":5}},{"start":{"line":88,"column":8},"end":{"line":90,"column":5}}],"line":85},"32":{"loc":{"start":{"line":86,"column":20},"end":{"line":86,"column":56}},"type":"cond-expr","locations":[{"start":{"line":86,"column":48},"end":{"line":86,"column":51}},{"start":{"line":86,"column":54},"end":{"line":86,"column":56}}],"line":86},"33":{"loc":{"start":{"line":99,"column":4},"end":{"line":178,"column":5}},"type":"if","locations":[{"start":{"line":99,"column":4},"end":{"line":178,"column":5}},{"start":{"line":109,"column":10},"end":{"line":178,"column":5}}],"line":99},"34":{"loc":{"start":{"line":100,"column":8},"end":{"line":102,"column":9}},"type":"if","locations":[{"start":{"line":100,"column":8},"end":{"line":102,"column":9}},{"start":{},"end":{}}],"line":100},"35":{"loc":{"start":{"line":103,"column":8},"end":{"line":106,"column":9}},"type":"if","locations":[{"start":{"line":103,"column":8},"end":{"line":106,"column":9}},{"start":{},"end":{}}],"line":103},"36":{"loc":{"start":{"line":109,"column":10},"end":{"line":178,"column":5}},"type":"if","locations":[{"start":{"line":109,"column":10},"end":{"line":178,"column":5}},{"start":{"line":115,"column":10},"end":{"line":178,"column":5}}],"line":109},"37":{"loc":{"start":{"line":110,"column":8},"end":{"line":112,"column":9}},"type":"if","locations":[{"start":{"line":110,"column":8},"end":{"line":112,"column":9}},{"start":{},"end":{}}],"line":110},"38":{"loc":{"start":{"line":115,"column":10},"end":{"line":178,"column":5}},"type":"if","locations":[{"start":{"line":115,"column":10},"end":{"line":178,"column":5}},{"start":{"line":118,"column":10},"end":{"line":178,"column":5}}],"line":115},"39":{"loc":{"start":{"line":118,"column":10},"end":{"line":178,"column":5}},"type":"if","locations":[{"start":{"line":118,"column":10},"end":{"line":178,"column":5}},{"start":{"line":128,"column":10},"end":{"line":178,"column":5}}],"line":118},"40":{"loc":{"start":{"line":123,"column":8},"end":{"line":125,"column":9}},"type":"if","locations":[{"start":{"line":123,"column":8},"end":{"line":125,"column":9}},{"start":{},"end":{}}],"line":123},"41":{"loc":{"start":{"line":128,"column":10},"end":{"line":178,"column":5}},"type":"if","locations":[{"start":{"line":128,"column":10},"end":{"line":178,"column":5}},{"start":{"line":134,"column":10},"end":{"line":178,"column":5}}],"line":128},"42":{"loc":{"start":{"line":129,"column":8},"end":{"line":131,"column":9}},"type":"if","locations":[{"start":{"line":129,"column":8},"end":{"line":131,"column":9}},{"start":{},"end":{}}],"line":129},"43":{"loc":{"start":{"line":134,"column":10},"end":{"line":178,"column":5}},"type":"if","locations":[{"start":{"line":134,"column":10},"end":{"line":178,"column":5}},{"start":{"line":140,"column":10},"end":{"line":178,"column":5}}],"line":134},"44":{"loc":{"start":{"line":135,"column":8},"end":{"line":137,"column":9}},"type":"if","locations":[{"start":{"line":135,"column":8},"end":{"line":137,"column":9}},{"start":{},"end":{}}],"line":135},"45":{"loc":{"start":{"line":140,"column":10},"end":{"line":178,"column":5}},"type":"if","locations":[{"start":{"line":140,"column":10},"end":{"line":178,"column":5}},{"start":{"line":144,"column":10},"end":{"line":178,"column":5}}],"line":140},"46":{"loc":{"start":{"line":144,"column":10},"end":{"line":178,"column":5}},"type":"if","locations":[{"start":{"line":144,"column":10},"end":{"line":178,"column":5}},{"start":{"line":148,"column":10},"end":{"line":178,"column":5}}],"line":144},"47":{"loc":{"start":{"line":148,"column":10},"end":{"line":178,"column":5}},"type":"if","locations":[{"start":{"line":148,"column":10},"end":{"line":178,"column":5}},{"start":{"line":155,"column":10},"end":{"line":178,"column":5}}],"line":148},"48":{"loc":{"start":{"line":150,"column":8},"end":{"line":152,"column":9}},"type":"if","locations":[{"start":{"line":150,"column":8},"end":{"line":152,"column":9}},{"start":{},"end":{}}],"line":150},"49":{"loc":{"start":{"line":155,"column":10},"end":{"line":178,"column":5}},"type":"if","locations":[{"start":{"line":155,"column":10},"end":{"line":178,"column":5}},{"start":{"line":162,"column":10},"end":{"line":178,"column":5}}],"line":155},"50":{"loc":{"start":{"line":157,"column":8},"end":{"line":159,"column":9}},"type":"if","locations":[{"start":{"line":157,"column":8},"end":{"line":159,"column":9}},{"start":{},"end":{}}],"line":157},"51":{"loc":{"start":{"line":162,"column":10},"end":{"line":178,"column":5}},"type":"if","locations":[{"start":{"line":162,"column":10},"end":{"line":178,"column":5}},{"start":{"line":169,"column":10},"end":{"line":178,"column":5}}],"line":162},"52":{"loc":{"start":{"line":164,"column":8},"end":{"line":166,"column":9}},"type":"if","locations":[{"start":{"line":164,"column":8},"end":{"line":166,"column":9}},{"start":{},"end":{}}],"line":164},"53":{"loc":{"start":{"line":169,"column":10},"end":{"line":178,"column":5}},"type":"if","locations":[{"start":{"line":169,"column":10},"end":{"line":178,"column":5}},{"start":{"line":176,"column":9},"end":{"line":178,"column":5}}],"line":169},"54":{"loc":{"start":{"line":171,"column":8},"end":{"line":173,"column":9}},"type":"if","locations":[{"start":{"line":171,"column":8},"end":{"line":173,"column":9}},{"start":{},"end":{}}],"line":171},"55":{"loc":{"start":{"line":190,"column":4},"end":{"line":213,"column":5}},"type":"if","locations":[{"start":{"line":190,"column":4},"end":{"line":213,"column":5}},{"start":{"line":197,"column":10},"end":{"line":213,"column":5}}],"line":190},"56":{"loc":{"start":{"line":192,"column":8},"end":{"line":194,"column":9}},"type":"if","locations":[{"start":{"line":192,"column":8},"end":{"line":194,"column":9}},{"start":{},"end":{}}],"line":192},"57":{"loc":{"start":{"line":197,"column":10},"end":{"line":213,"column":5}},"type":"if","locations":[{"start":{"line":197,"column":10},"end":{"line":213,"column":5}},{"start":{"line":204,"column":10},"end":{"line":213,"column":5}}],"line":197},"58":{"loc":{"start":{"line":199,"column":8},"end":{"line":201,"column":9}},"type":"if","locations":[{"start":{"line":199,"column":8},"end":{"line":201,"column":9}},{"start":{},"end":{}}],"line":199},"59":{"loc":{"start":{"line":204,"column":10},"end":{"line":213,"column":5}},"type":"if","locations":[{"start":{"line":204,"column":10},"end":{"line":213,"column":5}},{"start":{"line":211,"column":9},"end":{"line":213,"column":5}}],"line":204},"60":{"loc":{"start":{"line":206,"column":8},"end":{"line":208,"column":9}},"type":"if","locations":[{"start":{"line":206,"column":8},"end":{"line":208,"column":9}},{"start":{},"end":{}}],"line":206}},"s":{"0":126,"1":126,"2":126,"3":126,"4":126,"5":0,"6":0,"7":0,"8":126,"9":126,"10":126,"11":82,"12":8,"13":74,"14":3,"15":71,"16":44,"17":12,"18":0,"19":12,"20":6,"21":6,"22":6,"23":6,"24":32,"25":12,"26":1,"27":11,"28":20,"29":6,"30":14,"31":0,"32":14,"33":1,"34":1,"35":0,"36":13,"37":10,"38":3,"39":3,"40":113,"41":113,"42":113,"43":113,"44":113,"45":113,"46":113,"47":113,"48":0,"49":113,"50":71,"51":0,"52":71,"53":56,"54":15,"55":1,"56":14,"57":10,"58":10,"59":10,"60":1,"61":0,"62":1,"63":0,"64":0,"65":1,"66":1,"67":9,"68":0,"69":0,"70":0,"71":0,"72":9,"73":1,"74":1,"75":8,"76":1,"77":1,"78":1,"79":0,"80":1,"81":1,"82":7,"83":1,"84":0,"85":1,"86":1,"87":6,"88":1,"89":0,"90":1,"91":1,"92":5,"93":0,"94":0,"95":0,"96":5,"97":1,"98":1,"99":1,"100":4,"101":1,"102":1,"103":0,"104":1,"105":1,"106":3,"107":1,"108":1,"109":0,"110":1,"111":1,"112":2,"113":1,"114":1,"115":0,"116":1,"117":1,"118":1,"119":1,"120":1,"121":0,"122":1,"123":1,"124":0,"125":10,"126":10,"127":10,"128":3,"129":1,"130":1,"131":0,"132":1,"133":1,"134":2,"135":1,"136":1,"137":0,"138":1,"139":1,"140":1,"141":1,"142":1,"143":0,"144":1,"145":1,"146":0,"147":3,"148":3,"149":3},"f":{"0":126,"1":71,"2":10,"3":3},"b":{"0":[0,126],"1":[0,0],"2":[82,44],"3":[8,74],"4":[3,71],"5":[12,32],"6":[0,12],"7":[6,6],"8":[6,0],"9":[1,5],"10":[6,0],"11":[0,6],"12":[12,20],"13":[1,11],"14":[0,11],"15":[6,14],"16":[0,14],"17":[1,13],"18":[1,0],"19":[10,3],"20":[3,0],"21":[0,113],"22":[9,104],"23":[113,104],"24":[88,25],"25":[113,0],"26":[0,113],"27":[113,113],"28":[0,71],"29":[71,0],"30":[56,15],"31":[1,14],"32":[1,0],"33":[1,9],"34":[0,1],"35":[0,1],"36":[0,9],"37":[0,0],"38":[1,8],"39":[1,7],"40":[0,1],"41":[1,6],"42":[0,1],"43":[1,5],"44":[0,1],"45":[0,5],"46":[1,4],"47":[1,3],"48":[0,1],"49":[1,2],"50":[0,1],"51":[1,1],"52":[0,1],"53":[1,0],"54":[0,1],"55":[1,2],"56":[0,1],"57":[1,1],"58":[0,1],"59":[1,0],"60":[0,1]},"_coverageSchema":"1a1c01bbd47fc00a2c39e90264f33305004495a9","hash":"f8189b71d94ca9b42015bbad89020d2c4b5bcf1e"}
,"/Users/olegopolskiy/Desktop/Dev/GIT/ElectronicaB3_35/Electronica_B3_35/src/Core/SelfState.js": {"path":"/Users/olegopolskiy/Desktop/Dev/GIT/ElectronicaB3_35/Electronica_B3_35/src/Core/SelfState.js","statementMap":{"0":{"start":{"line":2,"column":4},"end":{"line":7,"column":7}}},"fnMap":{"0":{"name":"ResetSelfState","decl":{"start":{"line":1,"column":16},"end":{"line":1,"column":30}},"loc":{"start":{"line":1,"column":32},"end":{"line":8,"column":1}},"line":1}},"branchMap":{},"s":{"0":19},"f":{"0":19},"b":{},"_coverageSchema":"1a1c01bbd47fc00a2c39e90264f33305004495a9","hash":"9e630e6faaa8b2f88f8cb5fbc3761df840e553d0"}
,"/Users/olegopolskiy/Desktop/Dev/GIT/ElectronicaB3_35/Electronica_B3_35/src/Core/MathFunctions/index.js": {"path":"/Users/olegopolskiy/Desktop/Dev/GIT/ElectronicaB3_35/Electronica_B3_35/src/Core/MathFunctions/index.js","statementMap":{},"fnMap":{},"branchMap":{},"s":{},"f":{},"b":{},"_coverageSchema":"1a1c01bbd47fc00a2c39e90264f33305004495a9","hash":"7f7cc803c620709ce46e67b05b04e8d6bc66273b"}
,"/Users/olegopolskiy/Desktop/Dev/GIT/ElectronicaB3_35/Electronica_B3_35/src/Core/MathFunctions/Exponent/factorial.js": {"path":"/Users/olegopolskiy/Desktop/Dev/GIT/ElectronicaB3_35/Electronica_B3_35/src/Core/MathFunctions/Exponent/factorial.js","statementMap":{"0":{"start":{"line":2,"column":4},"end":{"line":4,"column":5}},"1":{"start":{"line":3,"column":8},"end":{"line":3,"column":19}},"2":{"start":{"line":5,"column":14},"end":{"line":5,"column":45}},"3":{"start":{"line":6,"column":4},"end":{"line":8,"column":5}},"4":{"start":{"line":7,"column":8},"end":{"line":7,"column":19}},"5":{"start":{"line":9,"column":14},"end":{"line":9,"column":15}},"6":{"start":{"line":10,"column":4},"end":{"line":13,"column":5}},"7":{"start":{"line":11,"column":8},"end":{"line":11,"column":19}},"8":{"start":{"line":12,"column":8},"end":{"line":12,"column":17}},"9":{"start":{"line":14,"column":4},"end":{"line":14,"column":38}}},"fnMap":{"0":{"name":"FactorialHandler","decl":{"start":{"line":1,"column":16},"end":{"line":1,"column":32}},"loc":{"start":{"line":1,"column":52},"end":{"line":15,"column":1}},"line":1}},"branchMap":{"0":{"loc":{"start":{"line":2,"column":4},"end":{"line":4,"column":5}},"type":"if","locations":[{"start":{"line":2,"column":4},"end":{"line":4,"column":5}},{"start":{},"end":{}}],"line":2},"1":{"loc":{"start":{"line":2,"column":7},"end":{"line":2,"column":40}},"type":"binary-expr","locations":[{"start":{"line":2,"column":7},"end":{"line":2,"column":24}},{"start":{"line":2,"column":28},"end":{"line":2,"column":40}}],"line":2},"2":{"loc":{"start":{"line":6,"column":4},"end":{"line":8,"column":5}},"type":"if","locations":[{"start":{"line":6,"column":4},"end":{"line":8,"column":5}},{"start":{},"end":{}}],"line":6},"3":{"loc":{"start":{"line":6,"column":7},"end":{"line":6,"column":26}},"type":"binary-expr","locations":[{"start":{"line":6,"column":7},"end":{"line":6,"column":15}},{"start":{"line":6,"column":19},"end":{"line":6,"column":26}}],"line":6}},"s":{"0":1,"1":0,"2":1,"3":1,"4":0,"5":1,"6":1,"7":22,"8":22,"9":1},"f":{"0":1},"b":{"0":[0,1],"1":[1,1],"2":[0,1],"3":[1,1]},"_coverageSchema":"1a1c01bbd47fc00a2c39e90264f33305004495a9","hash":"15911ea4ccbb9a5c7d23a1954c969475c4fd0dcf"}
,"/Users/olegopolskiy/Desktop/Dev/GIT/ElectronicaB3_35/Electronica_B3_35/src/Core/MathFunctions/Trigonometry/Arc.js": {"path":"/Users/olegopolskiy/Desktop/Dev/GIT/ElectronicaB3_35/Electronica_B3_35/src/Core/MathFunctions/Trigonometry/Arc.js","statementMap":{"0":{"start":{"line":2,"column":14},"end":{"line":2,"column":45}},"1":{"start":{"line":3,"column":4},"end":{"line":5,"column":5}},"2":{"start":{"line":4,"column":8},"end":{"line":4,"column":19}},"3":{"start":{"line":7,"column":17},"end":{"line":7,"column":31}},"4":{"start":{"line":8,"column":4},"end":{"line":10,"column":5}},"5":{"start":{"line":9,"column":8},"end":{"line":9,"column":40}},"6":{"start":{"line":11,"column":4},"end":{"line":11,"column":39}},"7":{"start":{"line":12,"column":16},"end":{"line":12,"column":45}},"8":{"start":{"line":13,"column":4},"end":{"line":13,"column":16}},"9":{"start":{"line":17,"column":14},"end":{"line":17,"column":45}},"10":{"start":{"line":18,"column":4},"end":{"line":20,"column":5}},"11":{"start":{"line":19,"column":8},"end":{"line":19,"column":19}},"12":{"start":{"line":22,"column":17},"end":{"line":22,"column":31}},"13":{"start":{"line":23,"column":4},"end":{"line":25,"column":5}},"14":{"start":{"line":24,"column":8},"end":{"line":24,"column":40}},"15":{"start":{"line":26,"column":4},"end":{"line":26,"column":39}},"16":{"start":{"line":27,"column":16},"end":{"line":27,"column":45}},"17":{"start":{"line":28,"column":4},"end":{"line":28,"column":16}},"18":{"start":{"line":32,"column":14},"end":{"line":32,"column":45}},"19":{"start":{"line":33,"column":4},"end":{"line":35,"column":5}},"20":{"start":{"line":34,"column":8},"end":{"line":34,"column":19}},"21":{"start":{"line":37,"column":17},"end":{"line":37,"column":31}},"22":{"start":{"line":38,"column":4},"end":{"line":40,"column":5}},"23":{"start":{"line":39,"column":8},"end":{"line":39,"column":40}},"24":{"start":{"line":41,"column":4},"end":{"line":41,"column":39}},"25":{"start":{"line":42,"column":16},"end":{"line":42,"column":45}},"26":{"start":{"line":43,"column":4},"end":{"line":43,"column":16}}},"fnMap":{"0":{"name":"ArcSinHandler","decl":{"start":{"line":1,"column":16},"end":{"line":1,"column":29}},"loc":{"start":{"line":1,"column":62},"end":{"line":14,"column":1}},"line":1},"1":{"name":"ArcCosHandler","decl":{"start":{"line":16,"column":16},"end":{"line":16,"column":29}},"loc":{"start":{"line":16,"column":62},"end":{"line":29,"column":1}},"line":16},"2":{"name":"ArcTanHandler","decl":{"start":{"line":31,"column":16},"end":{"line":31,"column":29}},"loc":{"start":{"line":31,"column":62},"end":{"line":44,"column":1}},"line":31}},"branchMap":{"0":{"loc":{"start":{"line":3,"column":4},"end":{"line":5,"column":5}},"type":"if","locations":[{"start":{"line":3,"column":4},"end":{"line":5,"column":5}},{"start":{},"end":{}}],"line":3},"1":{"loc":{"start":{"line":3,"column":9},"end":{"line":3,"column":64}},"type":"binary-expr","locations":[{"start":{"line":3,"column":9},"end":{"line":3,"column":27}},{"start":{"line":3,"column":31},"end":{"line":3,"column":51}},{"start":{"line":3,"column":55},"end":{"line":3,"column":64}}],"line":3},"2":{"loc":{"start":{"line":8,"column":4},"end":{"line":10,"column":5}},"type":"if","locations":[{"start":{"line":8,"column":4},"end":{"line":10,"column":5}},{"start":{},"end":{}}],"line":8},"3":{"loc":{"start":{"line":18,"column":4},"end":{"line":20,"column":5}},"type":"if","locations":[{"start":{"line":18,"column":4},"end":{"line":20,"column":5}},{"start":{},"end":{}}],"line":18},"4":{"loc":{"start":{"line":18,"column":9},"end":{"line":18,"column":64}},"type":"binary-expr","locations":[{"start":{"line":18,"column":9},"end":{"line":18,"column":27}},{"start":{"line":18,"column":31},"end":{"line":18,"column":51}},{"start":{"line":18,"column":55},"end":{"line":18,"column":64}}],"line":18},"5":{"loc":{"start":{"line":23,"column":4},"end":{"line":25,"column":5}},"type":"if","locations":[{"start":{"line":23,"column":4},"end":{"line":25,"column":5}},{"start":{},"end":{}}],"line":23},"6":{"loc":{"start":{"line":33,"column":4},"end":{"line":35,"column":5}},"type":"if","locations":[{"start":{"line":33,"column":4},"end":{"line":35,"column":5}},{"start":{},"end":{}}],"line":33},"7":{"loc":{"start":{"line":33,"column":9},"end":{"line":33,"column":52}},"type":"binary-expr","locations":[{"start":{"line":33,"column":9},"end":{"line":33,"column":28}},{"start":{"line":33,"column":32},"end":{"line":33,"column":52}}],"line":33},"8":{"loc":{"start":{"line":38,"column":4},"end":{"line":40,"column":5}},"type":"if","locations":[{"start":{"line":38,"column":4},"end":{"line":40,"column":5}},{"start":{},"end":{}}],"line":38}},"s":{"0":1,"1":1,"2":0,"3":1,"4":1,"5":1,"6":1,"7":1,"8":1,"9":1,"10":1,"11":0,"12":1,"13":1,"14":1,"15":1,"16":1,"17":1,"18":1,"19":1,"20":0,"21":1,"22":1,"23":1,"24":1,"25":1,"26":1},"f":{"0":1,"1":1,"2":1},"b":{"0":[0,1],"1":[1,1,0],"2":[1,0],"3":[0,1],"4":[1,1,0],"5":[1,0],"6":[0,1],"7":[1,1],"8":[1,0]},"_coverageSchema":"1a1c01bbd47fc00a2c39e90264f33305004495a9","hash":"7cfd60d8af0a3935c2271dc043f1bb57531b6be9"}
,"/Users/olegopolskiy/Desktop/Dev/GIT/ElectronicaB3_35/Electronica_B3_35/src/Core/MathFunctions/Trigonometry/DegRad.js": {"path":"/Users/olegopolskiy/Desktop/Dev/GIT/ElectronicaB3_35/Electronica_B3_35/src/Core/MathFunctions/Trigonometry/DegRad.js","statementMap":{"0":{"start":{"line":2,"column":18},"end":{"line":2,"column":49}},"1":{"start":{"line":3,"column":4},"end":{"line":6,"column":7}},"2":{"start":{"line":10,"column":18},"end":{"line":10,"column":49}},"3":{"start":{"line":11,"column":4},"end":{"line":14,"column":7}}},"fnMap":{"0":{"name":"DegreesToRadians","decl":{"start":{"line":1,"column":16},"end":{"line":1,"column":32}},"loc":{"start":{"line":1,"column":52},"end":{"line":7,"column":1}},"line":1},"1":{"name":"RadiansToDegrees","decl":{"start":{"line":9,"column":16},"end":{"line":9,"column":32}},"loc":{"start":{"line":9,"column":52},"end":{"line":15,"column":1}},"line":9}},"branchMap":{},"s":{"0":2,"1":2,"2":0,"3":0},"f":{"0":2,"1":0},"b":{},"_coverageSchema":"1a1c01bbd47fc00a2c39e90264f33305004495a9","hash":"a12a05c89f53829a60caf989d0679953d0d8140c"}
,"/Users/olegopolskiy/Desktop/Dev/GIT/ElectronicaB3_35/Electronica_B3_35/src/Core/MathFunctions/Trigonometry/SinLike.js": {"path":"/Users/olegopolskiy/Desktop/Dev/GIT/ElectronicaB3_35/Electronica_B3_35/src/Core/MathFunctions/Trigonometry/SinLike.js","statementMap":{"0":{"start":{"line":2,"column":14},"end":{"line":2,"column":45}},"1":{"start":{"line":3,"column":4},"end":{"line":5,"column":5}},"2":{"start":{"line":4,"column":8},"end":{"line":4,"column":19}},"3":{"start":{"line":6,"column":4},"end":{"line":8,"column":5}},"4":{"start":{"line":7,"column":8},"end":{"line":7,"column":37}},"5":{"start":{"line":9,"column":4},"end":{"line":9,"column":24}},"6":{"start":{"line":10,"column":4},"end":{"line":10,"column":33}},"7":{"start":{"line":11,"column":16},"end":{"line":11,"column":42}},"8":{"start":{"line":12,"column":4},"end":{"line":12,"column":16}},"9":{"start":{"line":16,"column":14},"end":{"line":16,"column":45}},"10":{"start":{"line":17,"column":4},"end":{"line":19,"column":5}},"11":{"start":{"line":18,"column":8},"end":{"line":18,"column":19}},"12":{"start":{"line":20,"column":4},"end":{"line":22,"column":5}},"13":{"start":{"line":21,"column":8},"end":{"line":21,"column":37}},"14":{"start":{"line":23,"column":4},"end":{"line":23,"column":24}},"15":{"start":{"line":24,"column":4},"end":{"line":24,"column":33}},"16":{"start":{"line":25,"column":16},"end":{"line":25,"column":42}},"17":{"start":{"line":26,"column":4},"end":{"line":26,"column":16}},"18":{"start":{"line":30,"column":14},"end":{"line":30,"column":45}},"19":{"start":{"line":31,"column":4},"end":{"line":33,"column":5}},"20":{"start":{"line":32,"column":8},"end":{"line":32,"column":37}},"21":{"start":{"line":34,"column":4},"end":{"line":36,"column":5}},"22":{"start":{"line":35,"column":8},"end":{"line":35,"column":19}},"23":{"start":{"line":37,"column":4},"end":{"line":37,"column":24}},"24":{"start":{"line":38,"column":4},"end":{"line":38,"column":33}},"25":{"start":{"line":39,"column":16},"end":{"line":39,"column":42}},"26":{"start":{"line":40,"column":4},"end":{"line":40,"column":16}},"27":{"start":{"line":44,"column":4},"end":{"line":44,"column":37}},"28":{"start":{"line":45,"column":4},"end":{"line":49,"column":5}},"29":{"start":{"line":46,"column":8},"end":{"line":46,"column":20}},"30":{"start":{"line":47,"column":10},"end":{"line":49,"column":5}},"31":{"start":{"line":48,"column":8},"end":{"line":48,"column":21}},"32":{"start":{"line":50,"column":4},"end":{"line":52,"column":5}},"33":{"start":{"line":51,"column":8},"end":{"line":51,"column":23}},"34":{"start":{"line":53,"column":4},"end":{"line":55,"column":5}},"35":{"start":{"line":54,"column":8},"end":{"line":54,"column":21}},"36":{"start":{"line":56,"column":4},"end":{"line":56,"column":16}}},"fnMap":{"0":{"name":"SinHandler","decl":{"start":{"line":1,"column":16},"end":{"line":1,"column":26}},"loc":{"start":{"line":1,"column":59},"end":{"line":13,"column":1}},"line":1},"1":{"name":"CosHandler","decl":{"start":{"line":15,"column":16},"end":{"line":15,"column":26}},"loc":{"start":{"line":15,"column":59},"end":{"line":27,"column":1}},"line":15},"2":{"name":"TanHandler","decl":{"start":{"line":29,"column":16},"end":{"line":29,"column":26}},"loc":{"start":{"line":29,"column":59},"end":{"line":41,"column":1}},"line":29},"3":{"name":"CheckTan","decl":{"start":{"line":43,"column":9},"end":{"line":43,"column":17}},"loc":{"start":{"line":43,"column":22},"end":{"line":57,"column":1}},"line":43}},"branchMap":{"0":{"loc":{"start":{"line":3,"column":4},"end":{"line":5,"column":5}},"type":"if","locations":[{"start":{"line":3,"column":4},"end":{"line":5,"column":5}},{"start":{},"end":{}}],"line":3},"1":{"loc":{"start":{"line":3,"column":7},"end":{"line":3,"column":76}},"type":"binary-expr","locations":[{"start":{"line":3,"column":7},"end":{"line":3,"column":10}},{"start":{"line":3,"column":14},"end":{"line":3,"column":36}},{"start":{"line":3,"column":40},"end":{"line":3,"column":44}},{"start":{"line":3,"column":48},"end":{"line":3,"column":76}}],"line":3},"2":{"loc":{"start":{"line":6,"column":4},"end":{"line":8,"column":5}},"type":"if","locations":[{"start":{"line":6,"column":4},"end":{"line":8,"column":5}},{"start":{},"end":{}}],"line":6},"3":{"loc":{"start":{"line":17,"column":4},"end":{"line":19,"column":5}},"type":"if","locations":[{"start":{"line":17,"column":4},"end":{"line":19,"column":5}},{"start":{},"end":{}}],"line":17},"4":{"loc":{"start":{"line":17,"column":7},"end":{"line":17,"column":76}},"type":"binary-expr","locations":[{"start":{"line":17,"column":7},"end":{"line":17,"column":10}},{"start":{"line":17,"column":14},"end":{"line":17,"column":36}},{"start":{"line":17,"column":40},"end":{"line":17,"column":44}},{"start":{"line":17,"column":48},"end":{"line":17,"column":76}}],"line":17},"5":{"loc":{"start":{"line":20,"column":4},"end":{"line":22,"column":5}},"type":"if","locations":[{"start":{"line":20,"column":4},"end":{"line":22,"column":5}},{"start":{},"end":{}}],"line":20},"6":{"loc":{"start":{"line":31,"column":4},"end":{"line":33,"column":5}},"type":"if","locations":[{"start":{"line":31,"column":4},"end":{"line":33,"column":5}},{"start":{},"end":{}}],"line":31},"7":{"loc":{"start":{"line":34,"column":4},"end":{"line":36,"column":5}},"type":"if","locations":[{"start":{"line":34,"column":4},"end":{"line":36,"column":5}},{"start":{},"end":{}}],"line":34},"8":{"loc":{"start":{"line":34,"column":7},"end":{"line":34,"column":53}},"type":"binary-expr","locations":[{"start":{"line":34,"column":7},"end":{"line":34,"column":35}},{"start":{"line":34,"column":39},"end":{"line":34,"column":53}}],"line":34},"9":{"loc":{"start":{"line":45,"column":4},"end":{"line":49,"column":5}},"type":"if","locations":[{"start":{"line":45,"column":4},"end":{"line":49,"column":5}},{"start":{"line":47,"column":10},"end":{"line":49,"column":5}}],"line":45},"10":{"loc":{"start":{"line":45,"column":7},"end":{"line":45,"column":34}},"type":"binary-expr","locations":[{"start":{"line":45,"column":7},"end":{"line":45,"column":17}},{"start":{"line":45,"column":21},"end":{"line":45,"column":34}}],"line":45},"11":{"loc":{"start":{"line":47,"column":10},"end":{"line":49,"column":5}},"type":"if","locations":[{"start":{"line":47,"column":10},"end":{"line":49,"column":5}},{"start":{},"end":{}}],"line":47},"12":{"loc":{"start":{"line":53,"column":4},"end":{"line":55,"column":5}},"type":"if","locations":[{"start":{"line":53,"column":4},"end":{"line":55,"column":5}},{"start":{},"end":{}}],"line":53}},"s":{"0":4,"1":4,"2":0,"3":4,"4":4,"5":4,"6":4,"7":4,"8":4,"9":1,"10":1,"11":0,"12":1,"13":1,"14":1,"15":1,"16":1,"17":1,"18":1,"19":1,"20":1,"21":1,"22":0,"23":1,"24":1,"25":1,"26":1,"27":0,"28":0,"29":0,"30":0,"31":0,"32":0,"33":0,"34":0,"35":0,"36":0},"f":{"0":4,"1":1,"2":1,"3":0},"b":{"0":[0,4],"1":[4,0,4,4],"2":[4,0],"3":[0,1],"4":[1,0,1,1],"5":[1,0],"6":[1,0],"7":[0,1],"8":[1,0],"9":[0,0],"10":[0,0],"11":[0,0],"12":[0,0]},"_coverageSchema":"1a1c01bbd47fc00a2c39e90264f33305004495a9","hash":"76a413390c2f49d436ff0f48e9451f1d0d8ab5d7"}
,"/Users/olegopolskiy/Desktop/Dev/GIT/ElectronicaB3_35/Electronica_B3_35/src/Core/Register/Constructor.js": {"path":"/Users/olegopolskiy/Desktop/Dev/GIT/ElectronicaB3_35/Electronica_B3_35/src/Core/Register/Constructor.js","statementMap":{"0":{"start":{"line":2,"column":4},"end":{"line":12,"column":6}},"1":{"start":{"line":16,"column":4},"end":{"line":23,"column":5}}},"fnMap":{"0":{"name":"ResetRegister","decl":{"start":{"line":1,"column":16},"end":{"line":1,"column":29}},"loc":{"start":{"line":1,"column":32},"end":{"line":13,"column":1}},"line":1},"1":{"name":"ResetRS","decl":{"start":{"line":15,"column":16},"end":{"line":15,"column":23}},"loc":{"start":{"line":15,"column":25},"end":{"line":24,"column":1}},"line":15}},"branchMap":{},"s":{"0":91,"1":18},"f":{"0":91,"1":18},"b":{},"_coverageSchema":"1a1c01bbd47fc00a2c39e90264f33305004495a9","hash":"e8e666b0a384c02ef3a0a081118aae33eab4024c"}
,"/Users/olegopolskiy/Desktop/Dev/GIT/ElectronicaB3_35/Electronica_B3_35/src/Core/Register/NormalizeRegister.js": {"path":"/Users/olegopolskiy/Desktop/Dev/GIT/ElectronicaB3_35/Electronica_B3_35/src/Core/Register/NormalizeRegister.js","statementMap":{"0":{"start":{"line":5,"column":4},"end":{"line":7,"column":5}},"1":{"start":{"line":6,"column":8},"end":{"line":6,"column":39}},"2":{"start":{"line":9,"column":17},"end":{"line":9,"column":31}},"3":{"start":{"line":10,"column":4},"end":{"line":10,"column":24}},"4":{"start":{"line":12,"column":16},"end":{"line":12,"column":17}},"5":{"start":{"line":14,"column":4},"end":{"line":17,"column":5}},"6":{"start":{"line":15,"column":8},"end":{"line":15,"column":18}},"7":{"start":{"line":16,"column":8},"end":{"line":16,"column":16}},"8":{"start":{"line":18,"column":4},"end":{"line":18,"column":28}},"9":{"start":{"line":19,"column":4},"end":{"line":22,"column":5}},"10":{"start":{"line":20,"column":8},"end":{"line":20,"column":33}},"11":{"start":{"line":21,"column":8},"end":{"line":21,"column":16}},"12":{"start":{"line":24,"column":20},"end":{"line":24,"column":31}},"13":{"start":{"line":25,"column":19},"end":{"line":25,"column":56}},"14":{"start":{"line":27,"column":4},"end":{"line":27,"column":29}},"15":{"start":{"line":31,"column":19},"end":{"line":31,"column":20}},"16":{"start":{"line":33,"column":2},"end":{"line":55,"column":3}},"17":{"start":{"line":34,"column":16},"end":{"line":34,"column":35}},"18":{"start":{"line":35,"column":18},"end":{"line":35,"column":23}},"19":{"start":{"line":36,"column":4},"end":{"line":45,"column":5}},"20":{"start":{"line":37,"column":6},"end":{"line":39,"column":7}},"21":{"start":{"line":38,"column":8},"end":{"line":38,"column":17}},"22":{"start":{"line":40,"column":6},"end":{"line":44,"column":7}},"23":{"start":{"line":41,"column":8},"end":{"line":41,"column":21}},"24":{"start":{"line":43,"column":8},"end":{"line":43,"column":23}},"25":{"start":{"line":47,"column":16},"end":{"line":47,"column":32}},"26":{"start":{"line":48,"column":4},"end":{"line":54,"column":5}},"27":{"start":{"line":48,"column":17},"end":{"line":48,"column":31}},"28":{"start":{"line":49,"column":6},"end":{"line":53,"column":7}},"29":{"start":{"line":50,"column":8},"end":{"line":50,"column":21}},"30":{"start":{"line":52,"column":8},"end":{"line":52,"column":14}},"31":{"start":{"line":56,"column":2},"end":{"line":56,"column":20}},"32":{"start":{"line":61,"column":4},"end":{"line":63,"column":5}},"33":{"start":{"line":62,"column":8},"end":{"line":62,"column":42}},"34":{"start":{"line":65,"column":4},"end":{"line":67,"column":5}},"35":{"start":{"line":66,"column":8},"end":{"line":66,"column":19}},"36":{"start":{"line":69,"column":16},"end":{"line":69,"column":50}},"37":{"start":{"line":70,"column":4},"end":{"line":70,"column":26}},"38":{"start":{"line":71,"column":4},"end":{"line":71,"column":24}},"39":{"start":{"line":73,"column":21},"end":{"line":73,"column":22}},"40":{"start":{"line":77,"column":18},"end":{"line":77,"column":51}},"41":{"start":{"line":78,"column":4},"end":{"line":108,"column":5}},"42":{"start":{"line":79,"column":8},"end":{"line":92,"column":9}},"43":{"start":{"line":81,"column":12},"end":{"line":84,"column":13}},"44":{"start":{"line":82,"column":16},"end":{"line":82,"column":30}},"45":{"start":{"line":83,"column":16},"end":{"line":83,"column":25}},"46":{"start":{"line":88,"column":12},"end":{"line":91,"column":13}},"47":{"start":{"line":89,"column":16},"end":{"line":89,"column":31}},"48":{"start":{"line":90,"column":16},"end":{"line":90,"column":25}},"49":{"start":{"line":93,"column":10},"end":{"line":108,"column":5}},"50":{"start":{"line":94,"column":8},"end":{"line":107,"column":9}},"51":{"start":{"line":96,"column":12},"end":{"line":99,"column":13}},"52":{"start":{"line":97,"column":16},"end":{"line":97,"column":31}},"53":{"start":{"line":98,"column":16},"end":{"line":98,"column":25}},"54":{"start":{"line":100,"column":12},"end":{"line":100,"column":30}},"55":{"start":{"line":103,"column":12},"end":{"line":106,"column":13}},"56":{"start":{"line":104,"column":16},"end":{"line":104,"column":31}},"57":{"start":{"line":105,"column":16},"end":{"line":105,"column":25}},"58":{"start":{"line":110,"column":22},"end":{"line":110,"column":66}},"59":{"start":{"line":111,"column":4},"end":{"line":111,"column":60}},"60":{"start":{"line":112,"column":4},"end":{"line":112,"column":58}},"61":{"start":{"line":113,"column":4},"end":{"line":113,"column":49}}},"fnMap":{"0":{"name":"ExtractSignificantDigits","decl":{"start":{"line":4,"column":16},"end":{"line":4,"column":40}},"loc":{"start":{"line":4,"column":46},"end":{"line":28,"column":1}},"line":4},"1":{"name":"CalculateMeanZeros","decl":{"start":{"line":30,"column":16},"end":{"line":30,"column":34}},"loc":{"start":{"line":30,"column":45},"end":{"line":57,"column":1}},"line":30},"2":{"name":"NormalizeRegister","decl":{"start":{"line":59,"column":16},"end":{"line":59,"column":33}},"loc":{"start":{"line":59,"column":54},"end":{"line":114,"column":1}},"line":59}},"branchMap":{"0":{"loc":{"start":{"line":5,"column":4},"end":{"line":7,"column":5}},"type":"if","locations":[{"start":{"line":5,"column":4},"end":{"line":7,"column":5}},{"start":{},"end":{}}],"line":5},"1":{"loc":{"start":{"line":33,"column":2},"end":{"line":55,"column":3}},"type":"if","locations":[{"start":{"line":33,"column":2},"end":{"line":55,"column":3}},{"start":{"line":46,"column":9},"end":{"line":55,"column":3}}],"line":33},"2":{"loc":{"start":{"line":37,"column":6},"end":{"line":39,"column":7}},"type":"if","locations":[{"start":{"line":37,"column":6},"end":{"line":39,"column":7}},{"start":{},"end":{}}],"line":37},"3":{"loc":{"start":{"line":37,"column":10},"end":{"line":37,"column":32}},"type":"binary-expr","locations":[{"start":{"line":37,"column":10},"end":{"line":37,"column":19}},{"start":{"line":37,"column":23},"end":{"line":37,"column":32}}],"line":37},"4":{"loc":{"start":{"line":40,"column":6},"end":{"line":44,"column":7}},"type":"if","locations":[{"start":{"line":40,"column":6},"end":{"line":44,"column":7}},{"start":{"line":42,"column":13},"end":{"line":44,"column":7}}],"line":40},"5":{"loc":{"start":{"line":40,"column":10},"end":{"line":40,"column":31}},"type":"binary-expr","locations":[{"start":{"line":40,"column":10},"end":{"line":40,"column":19}},{"start":{"line":40,"column":23},"end":{"line":40,"column":31}}],"line":40},"6":{"loc":{"start":{"line":49,"column":6},"end":{"line":53,"column":7}},"type":"if","locations":[{"start":{"line":49,"column":6},"end":{"line":53,"column":7}},{"start":{"line":51,"column":13},"end":{"line":53,"column":7}}],"line":49},"7":{"loc":{"start":{"line":61,"column":4},"end":{"line":63,"column":5}},"type":"if","locations":[{"start":{"line":61,"column":4},"end":{"line":63,"column":5}},{"start":{},"end":{}}],"line":61},"8":{"loc":{"start":{"line":65,"column":4},"end":{"line":67,"column":5}},"type":"if","locations":[{"start":{"line":65,"column":4},"end":{"line":67,"column":5}},{"start":{},"end":{}}],"line":65},"9":{"loc":{"start":{"line":78,"column":4},"end":{"line":108,"column":5}},"type":"if","locations":[{"start":{"line":78,"column":4},"end":{"line":108,"column":5}},{"start":{"line":93,"column":10},"end":{"line":108,"column":5}}],"line":78},"10":{"loc":{"start":{"line":79,"column":8},"end":{"line":92,"column":9}},"type":"if","locations":[{"start":{"line":79,"column":8},"end":{"line":92,"column":9}},{"start":{"line":86,"column":13},"end":{"line":92,"column":9}}],"line":79},"11":{"loc":{"start":{"line":93,"column":10},"end":{"line":108,"column":5}},"type":"if","locations":[{"start":{"line":93,"column":10},"end":{"line":108,"column":5}},{"start":{},"end":{}}],"line":93},"12":{"loc":{"start":{"line":94,"column":8},"end":{"line":107,"column":9}},"type":"if","locations":[{"start":{"line":94,"column":8},"end":{"line":107,"column":9}},{"start":{"line":101,"column":13},"end":{"line":107,"column":9}}],"line":94}},"s":{"0":35,"1":0,"2":35,"3":35,"4":35,"5":35,"6":161,"7":161,"8":35,"9":35,"10":157,"11":157,"12":35,"13":35,"14":35,"15":33,"16":33,"17":9,"18":9,"19":9,"20":83,"21":11,"22":72,"23":23,"24":49,"25":24,"26":24,"27":24,"28":33,"29":9,"30":24,"31":33,"32":28,"33":0,"34":28,"35":18,"36":28,"37":28,"38":28,"39":28,"40":28,"41":28,"42":16,"43":9,"44":39,"45":39,"46":7,"47":30,"48":30,"49":12,"50":6,"51":1,"52":2,"53":2,"54":1,"55":5,"56":31,"57":31,"58":28,"59":28,"60":28,"61":28},"f":{"0":35,"1":33,"2":28},"b":{"0":[0,35],"1":[9,24],"2":[11,72],"3":[83,81],"4":[23,49],"5":[72,45],"6":[9,24],"7":[0,28],"8":[18,10],"9":[16,12],"10":[9,7],"11":[6,6],"12":[1,5]},"_coverageSchema":"1a1c01bbd47fc00a2c39e90264f33305004495a9","hash":"a374c22c9618a29f09926f6ece08b79bdfd22c82"}
,"/Users/olegopolskiy/Desktop/Dev/GIT/ElectronicaB3_35/Electronica_B3_35/src/Core/Register/Overflow.js": {"path":"/Users/olegopolskiy/Desktop/Dev/GIT/ElectronicaB3_35/Electronica_B3_35/src/Core/Register/Overflow.js","statementMap":{"0":{"start":{"line":4,"column":15},"end":{"line":4,"column":31}},"1":{"start":{"line":5,"column":14},"end":{"line":5,"column":23}},"2":{"start":{"line":6,"column":4},"end":{"line":6,"column":45}},"3":{"start":{"line":7,"column":4},"end":{"line":7,"column":45}},"4":{"start":{"line":8,"column":4},"end":{"line":8,"column":22}},"5":{"start":{"line":14,"column":12},"end":{"line":14,"column":20}},"6":{"start":{"line":15,"column":12},"end":{"line":15,"column":18}},"7":{"start":{"line":17,"column":4},"end":{"line":19,"column":5}},"8":{"start":{"line":18,"column":8},"end":{"line":18,"column":21}},"9":{"start":{"line":22,"column":4},"end":{"line":25,"column":5}},"10":{"start":{"line":23,"column":8},"end":{"line":23,"column":16}},"11":{"start":{"line":24,"column":8},"end":{"line":24,"column":15}},"12":{"start":{"line":26,"column":4},"end":{"line":29,"column":5}},"13":{"start":{"line":27,"column":8},"end":{"line":27,"column":16}},"14":{"start":{"line":28,"column":8},"end":{"line":28,"column":15}},"15":{"start":{"line":31,"column":4},"end":{"line":31,"column":28}}},"fnMap":{"0":{"name":"IsOverflow","decl":{"start":{"line":3,"column":16},"end":{"line":3,"column":26}},"loc":{"start":{"line":3,"column":37},"end":{"line":9,"column":1}},"line":3},"1":{"name":"CheckOverflow","decl":{"start":{"line":13,"column":16},"end":{"line":13,"column":29}},"loc":{"start":{"line":13,"column":50},"end":{"line":32,"column":1}},"line":13}},"branchMap":{"0":{"loc":{"start":{"line":6,"column":11},"end":{"line":6,"column":43}},"type":"cond-expr","locations":[{"start":{"line":6,"column":30},"end":{"line":6,"column":37}},{"start":{"line":6,"column":40},"end":{"line":6,"column":43}}],"line":6},"1":{"loc":{"start":{"line":7,"column":11},"end":{"line":7,"column":43}},"type":"cond-expr","locations":[{"start":{"line":7,"column":30},"end":{"line":7,"column":37}},{"start":{"line":7,"column":40},"end":{"line":7,"column":43}}],"line":7},"2":{"loc":{"start":{"line":17,"column":4},"end":{"line":19,"column":5}},"type":"if","locations":[{"start":{"line":17,"column":4},"end":{"line":19,"column":5}},{"start":{},"end":{}}],"line":17},"3":{"loc":{"start":{"line":26,"column":11},"end":{"line":26,"column":45}},"type":"binary-expr","locations":[{"start":{"line":26,"column":11},"end":{"line":26,"column":26}},{"start":{"line":26,"column":30},"end":{"line":26,"column":45}}],"line":26}},"s":{"0":117,"1":117,"2":117,"3":117,"4":117,"5":117,"6":117,"7":117,"8":0,"9":117,"10":1,"11":1,"12":117,"13":1,"14":1,"15":117},"f":{"0":117,"1":117},"b":{"0":[21,96],"1":[65,52],"2":[0,117],"3":[118,5]},"_coverageSchema":"1a1c01bbd47fc00a2c39e90264f33305004495a9","hash":"eaf71ea6d3f5bc733c97077d750b740bc69415be"}
,"/Users/olegopolskiy/Desktop/Dev/GIT/ElectronicaB3_35/Electronica_B3_35/src/Core/Register/index.js": {"path":"/Users/olegopolskiy/Desktop/Dev/GIT/ElectronicaB3_35/Electronica_B3_35/src/Core/Register/index.js","statementMap":{},"fnMap":{},"branchMap":{},"s":{},"f":{},"b":{},"_coverageSchema":"1a1c01bbd47fc00a2c39e90264f33305004495a9","hash":"35afdf450f406d29d2f915ad5eb09587a7bd7bd0"}
}
