TN:
SF:src/Core/DisplayHandler.js
FN:1,DisplayString
FN:17,preciseFloatToString
FNF:2
FNH:2
FNDA:13,DisplayString
FNDA:26,preciseFloatToString
DA:2,13
DA:3,0
DA:5,13
DA:8,13
DA:9,13
DA:10,13
DA:13,13
DA:14,13
DA:18,26
DA:20,24
DA:23,24
DA:24,0
DA:25,0
DA:26,0
DA:29,0
DA:30,0
DA:33,0
DA:35,0
DA:37,0
DA:38,0
DA:40,0
DA:43,0
DA:47,0
DA:48,0
DA:49,0
DA:51,0
DA:55,24
DA:56,12
DA:59,12
LF:29
LH:13
BRDA:2,0,0,0
BRDA:2,0,1,13
BRDA:5,1,0,6
BRDA:5,1,1,7
BRDA:7,2,0,6
BRDA:7,2,1,7
BRDA:10,3,0,4
BRDA:10,3,1,9
BRDA:11,4,0,8
BRDA:11,4,1,5
BRDA:11,5,0,13
BRDA:11,5,1,9
BRDA:12,6,0,0
BRDA:12,6,1,5
BRDA:12,7,0,5
BRDA:12,7,1,0
BRDA:18,8,0,2
BRDA:18,8,1,24
BRDA:23,9,0,0
BRDA:23,9,1,24
BRDA:30,10,0,0
BRDA:30,10,1,0
BRDA:35,11,0,0
BRDA:35,11,1,0
BRDA:38,12,0,0
BRDA:38,12,1,0
BRDA:48,13,0,0
BRDA:48,13,1,0
BRDA:55,14,0,12
BRDA:55,14,1,12
BRF:30
BRH:18
end_of_record
TN:
SF:src/Core/KeyHandler.js
FN:4,KeyHandler
FN:67,NumberHandler
FN:80,FunctionHandler
FN:173,ArcHandler
FNF:4
FNH:4
FNDA:126,KeyHandler
FNDA:71,NumberHandler
FNDA:10,FunctionHandler
FNDA:3,ArcHandler
DA:5,126
DA:6,126
DA:7,126
DA:9,126
DA:10,0
DA:11,0
DA:13,0
DA:17,126
DA:18,82
DA:19,8
DA:20,74
DA:21,3
DA:23,71
DA:24,44
DA:25,12
DA:26,0
DA:27,12
DA:28,6
DA:29,6
DA:31,6
DA:32,6
DA:34,32
DA:35,12
DA:36,1
DA:38,11
DA:40,20
DA:41,6
DA:42,14
DA:43,0
DA:44,14
DA:45,1
DA:46,1
DA:48,0
DA:50,13
DA:51,10
DA:52,3
DA:53,3
DA:55,113
DA:56,113
DA:57,113
DA:58,113
DA:60,113
DA:61,113
DA:62,0
DA:64,113
DA:68,71
DA:69,0
DA:70,71
DA:71,56
DA:72,15
DA:73,1
DA:76,14
DA:83,10
DA:84,10
DA:86,10
DA:87,1
DA:88,0
DA:90,1
DA:91,0
DA:92,0
DA:94,1
DA:95,1
DA:96,9
DA:97,0
DA:98,0
DA:100,0
DA:101,0
DA:102,9
DA:103,1
DA:104,1
DA:105,8
DA:106,1
DA:108,1
DA:110,1
DA:111,0
DA:113,1
DA:114,1
DA:115,7
DA:116,1
DA:117,0
DA:119,1
DA:120,1
DA:121,6
DA:122,1
DA:123,0
DA:125,1
DA:126,1
DA:127,5
DA:128,0
DA:129,0
DA:130,0
DA:131,5
DA:132,1
DA:133,1
DA:134,1
DA:135,4
DA:136,1
DA:137,1
DA:138,0
DA:140,1
DA:141,1
DA:142,3
DA:143,1
DA:144,1
DA:145,0
DA:147,1
DA:148,1
DA:149,2
DA:150,1
DA:151,1
DA:152,0
DA:154,1
DA:155,1
DA:156,1
DA:157,1
DA:158,1
DA:159,0
DA:161,1
DA:162,1
DA:164,0
DA:167,10
DA:169,10
DA:170,10
DA:177,3
DA:178,1
DA:179,1
DA:180,0
DA:182,1
DA:183,1
DA:184,2
DA:185,1
DA:186,1
DA:187,0
DA:189,1
DA:190,1
DA:191,1
DA:192,1
DA:193,1
DA:194,0
DA:196,1
DA:197,1
DA:199,0
DA:202,3
DA:204,3
DA:205,3
LF:145
LH:115
BRDA:9,0,0,0
BRDA:9,0,1,126
BRDA:10,1,0,0
BRDA:10,1,1,0
BRDA:17,2,0,82
BRDA:17,2,1,44
BRDA:18,3,0,8
BRDA:18,3,1,74
BRDA:20,4,0,3
BRDA:20,4,1,71
BRDA:24,5,0,12
BRDA:24,5,1,32
BRDA:25,6,0,0
BRDA:25,6,1,12
BRDA:27,7,0,6
BRDA:27,7,1,6
BRDA:28,8,0,6
BRDA:28,8,1,0
BRDA:29,9,0,1
BRDA:29,9,1,5
BRDA:31,10,0,6
BRDA:31,10,1,0
BRDA:32,11,0,0
BRDA:32,11,1,6
BRDA:34,12,0,12
BRDA:34,12,1,20
BRDA:35,13,0,1
BRDA:35,13,1,11
BRDA:38,14,0,0
BRDA:38,14,1,11
BRDA:40,15,0,6
BRDA:40,15,1,14
BRDA:42,16,0,0
BRDA:42,16,1,14
BRDA:44,17,0,1
BRDA:44,17,1,13
BRDA:45,18,0,1
BRDA:45,18,1,0
BRDA:50,19,0,10
BRDA:50,19,1,3
BRDA:52,20,0,3
BRDA:52,20,1,0
BRDA:55,21,0,0
BRDA:55,21,1,113
BRDA:56,22,0,9
BRDA:56,22,1,104
BRDA:56,23,0,113
BRDA:56,23,1,104
BRDA:57,24,0,88
BRDA:57,24,1,25
BRDA:61,25,0,0
BRDA:61,25,1,113
BRDA:61,26,0,113
BRDA:61,26,1,113
BRDA:68,27,0,0
BRDA:68,27,1,71
BRDA:68,28,0,71
BRDA:68,28,1,0
BRDA:70,29,0,56
BRDA:70,29,1,15
BRDA:72,30,0,1
BRDA:72,30,1,14
BRDA:73,31,0,1
BRDA:73,31,1,0
BRDA:86,32,0,1
BRDA:86,32,1,9
BRDA:87,33,0,0
BRDA:87,33,1,1
BRDA:90,34,0,0
BRDA:90,34,1,1
BRDA:96,35,0,0
BRDA:96,35,1,9
BRDA:97,36,0,0
BRDA:97,36,1,0
BRDA:102,37,0,1
BRDA:102,37,1,8
BRDA:105,38,0,1
BRDA:105,38,1,7
BRDA:110,39,0,0
BRDA:110,39,1,1
BRDA:115,40,0,1
BRDA:115,40,1,6
BRDA:116,41,0,0
BRDA:116,41,1,1
BRDA:121,42,0,1
BRDA:121,42,1,5
BRDA:122,43,0,0
BRDA:122,43,1,1
BRDA:127,44,0,0
BRDA:127,44,1,5
BRDA:131,45,0,1
BRDA:131,45,1,4
BRDA:135,46,0,1
BRDA:135,46,1,3
BRDA:137,47,0,0
BRDA:137,47,1,1
BRDA:142,48,0,1
BRDA:142,48,1,2
BRDA:144,49,0,0
BRDA:144,49,1,1
BRDA:149,50,0,1
BRDA:149,50,1,1
BRDA:151,51,0,0
BRDA:151,51,1,1
BRDA:156,52,0,1
BRDA:156,52,1,0
BRDA:158,53,0,0
BRDA:158,53,1,1
BRDA:177,54,0,1
BRDA:177,54,1,2
BRDA:179,55,0,0
BRDA:179,55,1,1
BRDA:184,56,0,1
BRDA:184,56,1,1
BRDA:186,57,0,0
BRDA:186,57,1,1
BRDA:191,58,0,1
BRDA:191,58,1,0
BRDA:193,59,0,0
BRDA:193,59,1,1
BRF:120
BRH:86
end_of_record
TN:
SF:src/Core/KeyHandler_new.js
FN:4,KeyHandler
FN:76,NumberHandler
FN:89,FunctionHandler
FN:182,ArcHandler
FNF:4
FNH:4
FNDA:126,KeyHandler
FNDA:71,NumberHandler
FNDA:10,FunctionHandler
FNDA:3,ArcHandler
DA:5,126
DA:12,126
DA:13,126
DA:15,126
DA:16,0
DA:17,0
DA:19,0
DA:23,126
DA:24,126
DA:26,126
DA:27,82
DA:28,8
DA:29,74
DA:30,3
DA:32,71
DA:33,44
DA:34,12
DA:35,0
DA:36,12
DA:37,6
DA:38,6
DA:40,6
DA:41,6
DA:43,32
DA:44,12
DA:45,1
DA:47,11
DA:49,20
DA:50,6
DA:51,14
DA:52,0
DA:53,14
DA:54,1
DA:55,1
DA:57,0
DA:59,13
DA:60,10
DA:61,3
DA:62,3
DA:64,113
DA:65,113
DA:66,113
DA:67,113
DA:69,113
DA:70,113
DA:71,0
DA:73,113
DA:77,71
DA:78,0
DA:79,71
DA:80,56
DA:81,15
DA:82,1
DA:85,14
DA:92,10
DA:93,10
DA:95,10
DA:96,1
DA:97,0
DA:99,1
DA:100,0
DA:101,0
DA:103,1
DA:104,1
DA:105,9
DA:106,0
DA:107,0
DA:109,0
DA:110,0
DA:111,9
DA:112,1
DA:113,1
DA:114,8
DA:115,1
DA:117,1
DA:119,1
DA:120,0
DA:122,1
DA:123,1
DA:124,7
DA:125,1
DA:126,0
DA:128,1
DA:129,1
DA:130,6
DA:131,1
DA:132,0
DA:134,1
DA:135,1
DA:136,5
DA:137,0
DA:138,0
DA:139,0
DA:140,5
DA:141,1
DA:142,1
DA:143,1
DA:144,4
DA:145,1
DA:146,1
DA:147,0
DA:149,1
DA:150,1
DA:151,3
DA:152,1
DA:153,1
DA:154,0
DA:156,1
DA:157,1
DA:158,2
DA:159,1
DA:160,1
DA:161,0
DA:163,1
DA:164,1
DA:165,1
DA:166,1
DA:167,1
DA:168,0
DA:170,1
DA:171,1
DA:173,0
DA:176,10
DA:178,10
DA:179,10
DA:186,3
DA:187,1
DA:188,1
DA:189,0
DA:191,1
DA:192,1
DA:193,2
DA:194,1
DA:195,1
DA:196,0
DA:198,1
DA:199,1
DA:200,1
DA:201,1
DA:202,1
DA:203,0
DA:205,1
DA:206,1
DA:208,0
DA:211,3
DA:213,3
DA:214,3
LF:147
LH:117
BRDA:15,0,0,0
BRDA:15,0,1,126
BRDA:16,1,0,0
BRDA:16,1,1,0
BRDA:26,2,0,82
BRDA:26,2,1,44
BRDA:27,3,0,8
BRDA:27,3,1,74
BRDA:29,4,0,3
BRDA:29,4,1,71
BRDA:33,5,0,12
BRDA:33,5,1,32
BRDA:34,6,0,0
BRDA:34,6,1,12
BRDA:36,7,0,6
BRDA:36,7,1,6
BRDA:37,8,0,6
BRDA:37,8,1,0
BRDA:38,9,0,1
BRDA:38,9,1,5
BRDA:40,10,0,6
BRDA:40,10,1,0
BRDA:41,11,0,0
BRDA:41,11,1,6
BRDA:43,12,0,12
BRDA:43,12,1,20
BRDA:44,13,0,1
BRDA:44,13,1,11
BRDA:47,14,0,0
BRDA:47,14,1,11
BRDA:49,15,0,6
BRDA:49,15,1,14
BRDA:51,16,0,0
BRDA:51,16,1,14
BRDA:53,17,0,1
BRDA:53,17,1,13
BRDA:54,18,0,1
BRDA:54,18,1,0
BRDA:59,19,0,10
BRDA:59,19,1,3
BRDA:61,20,0,3
BRDA:61,20,1,0
BRDA:64,21,0,0
BRDA:64,21,1,113
BRDA:65,22,0,9
BRDA:65,22,1,104
BRDA:65,23,0,113
BRDA:65,23,1,104
BRDA:66,24,0,88
BRDA:66,24,1,25
BRDA:70,25,0,0
BRDA:70,25,1,113
BRDA:70,26,0,113
BRDA:70,26,1,113
BRDA:77,27,0,0
BRDA:77,27,1,71
BRDA:77,28,0,71
BRDA:77,28,1,0
BRDA:79,29,0,56
BRDA:79,29,1,15
BRDA:81,30,0,1
BRDA:81,30,1,14
BRDA:82,31,0,1
BRDA:82,31,1,0
BRDA:95,32,0,1
BRDA:95,32,1,9
BRDA:96,33,0,0
BRDA:96,33,1,1
BRDA:99,34,0,0
BRDA:99,34,1,1
BRDA:105,35,0,0
BRDA:105,35,1,9
BRDA:106,36,0,0
BRDA:106,36,1,0
BRDA:111,37,0,1
BRDA:111,37,1,8
BRDA:114,38,0,1
BRDA:114,38,1,7
BRDA:119,39,0,0
BRDA:119,39,1,1
BRDA:124,40,0,1
BRDA:124,40,1,6
BRDA:125,41,0,0
BRDA:125,41,1,1
BRDA:130,42,0,1
BRDA:130,42,1,5
BRDA:131,43,0,0
BRDA:131,43,1,1
BRDA:136,44,0,0
BRDA:136,44,1,5
BRDA:140,45,0,1
BRDA:140,45,1,4
BRDA:144,46,0,1
BRDA:144,46,1,3
BRDA:146,47,0,0
BRDA:146,47,1,1
BRDA:151,48,0,1
BRDA:151,48,1,2
BRDA:153,49,0,0
BRDA:153,49,1,1
BRDA:158,50,0,1
BRDA:158,50,1,1
BRDA:160,51,0,0
BRDA:160,51,1,1
BRDA:165,52,0,1
BRDA:165,52,1,0
BRDA:167,53,0,0
BRDA:167,53,1,1
BRDA:186,54,0,1
BRDA:186,54,1,2
BRDA:188,55,0,0
BRDA:188,55,1,1
BRDA:193,56,0,1
BRDA:193,56,1,1
BRDA:195,57,0,0
BRDA:195,57,1,1
BRDA:200,58,0,1
BRDA:200,58,1,0
BRDA:202,59,0,0
BRDA:202,59,1,1
BRF:120
BRH:86
end_of_record
TN:
SF:src/Core/SelfState.js
FN:1,ResetSelfState
FNF:1
FNH:1
FNDA:37,ResetSelfState
DA:2,37
LF:1
LH:1
BRF:0
BRH:0
end_of_record
TN:
SF:src/Core/MathFunctions/index.js
FNF:0
FNH:0
LF:0
LH:0
BRF:0
BRH:0
end_of_record
TN:
SF:src/Core/MathFunctions/Exponent/factorial.js
FN:1,FactorialHandler
FNF:1
FNH:1
FNDA:2,FactorialHandler
DA:2,2
DA:3,0
DA:5,2
DA:6,2
DA:7,0
DA:9,2
DA:10,2
DA:11,44
DA:12,44
DA:14,2
LF:10
LH:8
BRDA:2,0,0,0
BRDA:2,0,1,2
BRDA:2,1,0,2
BRDA:2,1,1,2
BRDA:6,2,0,0
BRDA:6,2,1,2
BRDA:6,3,0,2
BRDA:6,3,1,2
BRF:8
BRH:6
end_of_record
TN:
SF:src/Core/MathFunctions/Trigonometry/Arc.js
FN:1,ArcSinHandler
FN:16,ArcCosHandler
FN:31,ArcTanHandler
FNF:3
FNH:3
FNDA:2,ArcSinHandler
FNDA:2,ArcCosHandler
FNDA:2,ArcTanHandler
DA:2,2
DA:3,2
DA:4,0
DA:7,2
DA:8,2
DA:9,2
DA:11,2
DA:12,2
DA:13,2
DA:17,2
DA:18,2
DA:19,0
DA:22,2
DA:23,2
DA:24,2
DA:26,2
DA:27,2
DA:28,2
DA:32,2
DA:33,2
DA:34,0
DA:37,2
DA:38,2
DA:39,2
DA:41,2
DA:42,2
DA:43,2
LF:27
LH:24
BRDA:3,0,0,0
BRDA:3,0,1,2
BRDA:3,1,0,2
BRDA:3,1,1,2
BRDA:3,1,2,0
BRDA:8,2,0,2
BRDA:8,2,1,0
BRDA:18,3,0,0
BRDA:18,3,1,2
BRDA:18,4,0,2
BRDA:18,4,1,2
BRDA:18,4,2,0
BRDA:23,5,0,2
BRDA:23,5,1,0
BRDA:33,6,0,0
BRDA:33,6,1,2
BRDA:33,7,0,2
BRDA:33,7,1,2
BRDA:38,8,0,2
BRDA:38,8,1,0
BRF:20
BRH:12
end_of_record
TN:
SF:src/Core/MathFunctions/Trigonometry/DegRad.js
FN:1,DegreesToRadians
FN:9,RadiansToDegrees
FNF:2
FNH:1
FNDA:3,DegreesToRadians
FNDA:0,RadiansToDegrees
DA:2,3
DA:3,3
DA:10,0
DA:11,0
LF:4
LH:2
BRF:0
BRH:0
end_of_record
TN:
SF:src/Core/MathFunctions/Trigonometry/SinLike.js
FN:1,SinHandler
FN:15,CosHandler
FN:29,TanHandler
FN:43,CheckTan
FNF:4
FNH:3
FNDA:5,SinHandler
FNDA:2,CosHandler
FNDA:2,TanHandler
FNDA:0,CheckTan
DA:2,5
DA:3,5
DA:4,0
DA:6,5
DA:7,5
DA:9,5
DA:10,5
DA:11,5
DA:12,5
DA:16,2
DA:17,2
DA:18,0
DA:20,2
DA:21,2
DA:23,2
DA:24,2
DA:25,2
DA:26,2
DA:30,2
DA:31,2
DA:32,2
DA:34,2
DA:35,0
DA:37,2
DA:38,2
DA:39,2
DA:40,2
DA:44,0
DA:45,0
DA:46,0
DA:47,0
DA:48,0
DA:50,0
DA:51,0
DA:53,0
DA:54,0
DA:56,0
LF:37
LH:24
BRDA:3,0,0,0
BRDA:3,0,1,5
BRDA:3,1,0,5
BRDA:3,1,1,0
BRDA:3,1,2,5
BRDA:3,1,3,5
BRDA:6,2,0,5
BRDA:6,2,1,0
BRDA:17,3,0,0
BRDA:17,3,1,2
BRDA:17,4,0,2
BRDA:17,4,1,0
BRDA:17,4,2,2
BRDA:17,4,3,2
BRDA:20,5,0,2
BRDA:20,5,1,0
BRDA:31,6,0,2
BRDA:31,6,1,0
BRDA:34,7,0,0
BRDA:34,7,1,2
BRDA:34,8,0,2
BRDA:34,8,1,0
BRDA:45,9,0,0
BRDA:45,9,1,0
BRDA:45,10,0,0
BRDA:45,10,1,0
BRDA:47,11,0,0
BRDA:47,11,1,0
BRDA:53,12,0,0
BRDA:53,12,1,0
BRF:30
BRH:13
end_of_record
TN:
SF:src/Core/Register/Constructor.js
FN:1,ResetRegister
FN:14,ResetRS
FNF:2
FNH:2
FNDA:127,ResetRegister
FNDA:18,ResetRS
DA:2,127
DA:15,18
LF:2
LH:2
BRF:0
BRH:0
end_of_record
TN:
SF:src/Core/Register/NormalizeRegister.js
FN:4,ExtractSignificantDigits
FN:30,CalculateMeanZeros
FN:59,NormalizeRegister
FNF:3
FNH:3
FNDA:48,ExtractSignificantDigits
FNDA:46,CalculateMeanZeros
FNDA:41,NormalizeRegister
DA:5,48
DA:6,0
DA:9,48
DA:10,48
DA:12,48
DA:14,48
DA:15,222
DA:16,222
DA:18,48
DA:19,48
DA:20,282
DA:21,282
DA:24,48
DA:25,48
DA:27,48
DA:31,46
DA:33,46
DA:34,11
DA:35,11
DA:36,11
DA:37,102
DA:38,14
DA:40,88
DA:41,25
DA:43,63
DA:47,35
DA:48,35
DA:49,47
DA:50,12
DA:52,35
DA:56,46
DA:61,41
DA:62,0
DA:65,41
DA:66,29
DA:69,41
DA:70,41
DA:71,41
DA:73,41
DA:77,41
DA:78,41
DA:79,23
DA:81,13
DA:82,52
DA:83,52
DA:88,10
DA:89,44
DA:90,44
DA:93,18
DA:94,8
DA:96,1
DA:97,2
DA:98,2
DA:100,1
DA:103,7
DA:104,45
DA:105,45
DA:110,41
DA:111,41
DA:112,41
DA:113,41
LF:61
LH:59
BRDA:5,0,0,0
BRDA:5,0,1,48
BRDA:33,1,0,11
BRDA:33,1,1,35
BRDA:37,2,0,14
BRDA:37,2,1,88
BRDA:37,3,0,102
BRDA:37,3,1,99
BRDA:40,4,0,25
BRDA:40,4,1,63
BRDA:40,5,0,88
BRDA:40,5,1,59
BRDA:49,6,0,12
BRDA:49,6,1,35
BRDA:61,7,0,0
BRDA:61,7,1,41
BRDA:65,8,0,29
BRDA:65,8,1,12
BRDA:78,9,0,23
BRDA:78,9,1,18
BRDA:79,10,0,13
BRDA:79,10,1,10
BRDA:93,11,0,8
BRDA:93,11,1,10
BRDA:94,12,0,1
BRDA:94,12,1,7
BRF:26
BRH:24
end_of_record
TN:
SF:src/Core/Register/Overflow.js
FN:3,IsOverflow
FN:13,CheckOverflow
FNF:2
FNH:2
FNDA:230,IsOverflow
FNDA:230,CheckOverflow
DA:4,230
DA:5,230
DA:6,230
DA:7,230
DA:8,230
DA:14,230
DA:15,230
DA:17,230
DA:18,4
DA:22,226
DA:23,36
DA:24,36
DA:26,226
DA:27,11
DA:28,11
DA:31,226
LF:16
LH:16
BRDA:6,0,0,40
BRDA:6,0,1,190
BRDA:7,1,0,126
BRDA:7,1,1,104
BRDA:17,2,0,4
BRDA:17,2,1,226
BRDA:26,3,0,237
BRDA:26,3,1,123
BRF:8
BRH:8
end_of_record
TN:
SF:src/Core/Register/index.js
FNF:0
FNH:0
LF:0
LH:0
BRF:0
BRH:0
end_of_record
