TN:
SF:src/Core/DisplayHandler.js
FN:18,DisplayString
FN:56,preciseFloatToString
FNF:2
FNH:2
FNDA:13,DisplayString
FNDA:26,preciseFloatToString
DA:19,13
DA:20,0
DA:23,13
DA:24,13
DA:27,13
DA:28,13
DA:31,13
DA:32,13
DA:33,8
DA:34,5
DA:35,0
DA:38,13
DA:39,13
DA:40,0
DA:41,0
DA:43,0
DA:46,0
DA:48,13
DA:50,8
DA:53,13
DA:57,26
DA:59,24
DA:62,24
DA:63,0
DA:64,0
DA:65,0
DA:68,0
DA:69,0
DA:72,0
DA:74,0
DA:76,0
DA:77,0
DA:79,0
DA:82,0
DA:86,0
DA:87,0
DA:88,0
DA:90,0
DA:94,24
DA:95,12
DA:98,12
LF:41
LH:20
BRDA:19,0,0,0
BRDA:19,0,1,13
BRDA:24,1,0,6
BRDA:24,1,1,7
BRDA:26,2,0,6
BRDA:26,2,1,7
BRDA:32,3,0,8
BRDA:32,3,1,5
BRDA:32,4,0,13
BRDA:32,4,1,9
BRDA:34,5,0,0
BRDA:34,5,1,5
BRDA:34,6,0,5
BRDA:34,6,1,0
BRDA:39,7,0,0
BRDA:39,7,1,13
BRDA:40,8,0,0
BRDA:40,8,1,0
BRDA:41,9,0,0
BRDA:41,9,1,0
BRDA:48,10,0,8
BRDA:48,10,1,5
BRDA:50,11,0,4
BRDA:50,11,1,4
BRDA:57,12,0,2
BRDA:57,12,1,24
BRDA:62,13,0,0
BRDA:62,13,1,24
BRDA:69,14,0,0
BRDA:69,14,1,0
BRDA:74,15,0,0
BRDA:74,15,1,0
BRDA:77,16,0,0
BRDA:77,16,1,0
BRDA:87,17,0,0
BRDA:87,17,1,0
BRDA:94,18,0,12
BRDA:94,18,1,12
BRF:38
BRH:21
end_of_record
TN:
SF:src/Core/KeyHandler.js
FN:4,KeyHandler
FN:185,NumberHandler
FN:198,FunctionHandler
FN:312,ArcHandler
FN:347,EvalHandler
FN:402,OpenBracketHandler
FN:409,CloseBracketHandler
FN:437,MemoryHandler
FNF:8
FNH:7
FNDA:211,KeyHandler
FNDA:111,NumberHandler
FNDA:11,FunctionHandler
FNDA:3,ArcHandler
FNDA:10,EvalHandler
FNDA:3,OpenBracketHandler
FNDA:3,CloseBracketHandler
FNDA:0,MemoryHandler
DA:5,211
DA:6,0
DA:8,211
DA:9,211
DA:10,211
DA:11,211
DA:13,211
DA:14,0
DA:15,0
DA:17,0
DA:21,211
DA:23,211
DA:24,123
DA:25,9
DA:26,0
DA:27,0
DA:28,0
DA:29,0
DA:31,9
DA:33,114
DA:34,3
DA:36,111
DA:37,9
DA:38,9
DA:40,111
DA:41,111
DA:42,111
DA:44,88
DA:45,17
DA:46,0
DA:47,17
DA:48,10
DA:49,10
DA:51,7
DA:52,7
DA:54,17
DA:55,71
DA:56,20
DA:57,1
DA:59,19
DA:61,20
DA:62,51
DA:63,15
DA:64,36
DA:65,0
DA:67,0
DA:68,0
DA:70,0
DA:72,36
DA:73,1
DA:74,1
DA:76,0
DA:78,35
DA:79,11
DA:80,24
DA:81,3
DA:82,21
DA:83,0
DA:84,0
DA:85,0
DA:87,0
DA:88,0
DA:90,0
DA:91,21
DA:92,9
DA:93,0
DA:94,0
DA:95,0
DA:97,0
DA:100,9
DA:101,0
DA:102,0
DA:103,0
DA:106,0
DA:109,9
DA:110,9
DA:111,9
DA:112,9
DA:114,12
DA:115,3
DA:116,0
DA:117,0
DA:118,0
DA:120,0
DA:123,3
DA:124,3
DA:126,9
DA:127,3
DA:128,0
DA:129,0
DA:130,0
DA:132,0
DA:135,3
DA:136,3
DA:137,3
DA:140,0
DA:142,3
DA:144,6
DA:145,5
DA:146,0
DA:148,5
DA:149,5
DA:150,5
DA:152,5
DA:153,5
DA:155,0
DA:160,197
DA:161,197
DA:162,197
DA:163,197
DA:165,197
DA:167,197
DA:168,197
DA:169,197
DA:170,197
DA:175,197
DA:176,197
DA:177,0
DA:179,197
DA:180,0
DA:182,197
DA:186,111
DA:187,0
DA:188,111
DA:189,83
DA:190,28
DA:191,1
DA:194,27
DA:201,11
DA:202,11
DA:204,11
DA:205,1
DA:206,0
DA:208,1
DA:209,0
DA:210,0
DA:212,1
DA:213,1
DA:214,10
DA:215,0
DA:216,0
DA:218,0
DA:219,0
DA:220,10
DA:221,2
DA:223,2
DA:224,0
DA:226,2
DA:227,0
DA:230,2
DA:233,2
DA:234,0
DA:235,0
DA:238,2
DA:239,2
DA:244,8
DA:245,1
DA:247,1
DA:249,1
DA:250,0
DA:252,1
DA:253,1
DA:254,7
DA:255,1
DA:256,0
DA:258,1
DA:259,1
DA:260,6
DA:261,1
DA:262,0
DA:264,1
DA:265,1
DA:266,5
DA:267,0
DA:268,0
DA:269,0
DA:270,5
DA:271,1
DA:272,1
DA:273,1
DA:274,4
DA:275,1
DA:276,1
DA:277,0
DA:279,1
DA:280,1
DA:281,3
DA:282,1
DA:283,1
DA:284,0
DA:286,1
DA:287,1
DA:288,2
DA:289,1
DA:290,1
DA:291,0
DA:293,1
DA:294,1
DA:295,1
DA:296,1
DA:297,1
DA:298,0
DA:300,1
DA:301,1
DA:303,0
DA:306,11
DA:308,11
DA:309,11
DA:316,3
DA:317,1
DA:318,1
DA:319,0
DA:321,1
DA:322,1
DA:323,2
DA:324,1
DA:325,1
DA:326,0
DA:328,1
DA:329,1
DA:330,1
DA:331,1
DA:332,1
DA:333,0
DA:335,1
DA:336,1
DA:338,0
DA:341,3
DA:343,3
DA:344,3
DA:348,10
DA:349,1
DA:353,9
DA:355,9
DA:356,9
DA:358,9
DA:360,9
DA:361,2
DA:362,2
DA:364,0
DA:365,7
DA:366,3
DA:367,4
DA:368,2
DA:369,2
DA:370,2
DA:371,2
DA:373,0
DA:375,0
DA:376,0
DA:377,0
DA:378,0
DA:380,0
DA:381,0
DA:382,0
DA:384,0
DA:385,0
DA:386,0
DA:388,0
DA:390,0
DA:393,9
DA:394,9
DA:395,9
DA:397,0
DA:403,3
DA:410,3
DA:411,3
DA:412,0
DA:414,3
DA:416,3
DA:417,2
DA:418,2
DA:420,2
DA:421,2
DA:423,2
DA:424,2
DA:425,0
DA:427,2
DA:431,1
DA:438,0
DA:439,0
DA:440,0
DA:441,0
DA:442,0
DA:443,0
DA:444,0
DA:445,0
DA:446,0
DA:447,0
DA:448,0
DA:449,0
DA:450,0
DA:451,0
DA:453,0
DA:456,0
DA:457,0
DA:458,0
DA:460,0
DA:461,0
DA:463,0
LF:300
LH:194
BRDA:5,0,0,0
BRDA:5,0,1,211
BRDA:13,1,0,0
BRDA:13,1,1,211
BRDA:14,2,0,0
BRDA:14,2,1,0
BRDA:23,3,0,123
BRDA:23,3,1,88
BRDA:24,4,0,9
BRDA:24,4,1,114
BRDA:25,5,0,0
BRDA:25,5,1,9
BRDA:33,6,0,3
BRDA:33,6,1,111
BRDA:36,7,0,9
BRDA:36,7,1,102
BRDA:44,8,0,17
BRDA:44,8,1,71
BRDA:45,9,0,0
BRDA:45,9,1,17
BRDA:47,10,0,10
BRDA:47,10,1,7
BRDA:48,11,0,10
BRDA:48,11,1,0
BRDA:49,12,0,1
BRDA:49,12,1,9
BRDA:51,13,0,7
BRDA:51,13,1,0
BRDA:52,14,0,0
BRDA:52,14,1,7
BRDA:55,15,0,20
BRDA:55,15,1,51
BRDA:56,16,0,1
BRDA:56,16,1,19
BRDA:59,17,0,0
BRDA:59,17,1,19
BRDA:62,18,0,15
BRDA:62,18,1,36
BRDA:64,19,0,0
BRDA:64,19,1,36
BRDA:65,20,0,0
BRDA:65,20,1,0
BRDA:67,21,0,0
BRDA:67,21,1,0
BRDA:72,22,0,1
BRDA:72,22,1,35
BRDA:73,23,0,1
BRDA:73,23,1,0
BRDA:78,24,0,11
BRDA:78,24,1,24
BRDA:80,25,0,3
BRDA:80,25,1,21
BRDA:82,26,0,0
BRDA:82,26,1,21
BRDA:83,27,0,0
BRDA:83,27,1,0
BRDA:91,28,0,9
BRDA:91,28,1,12
BRDA:92,29,0,0
BRDA:92,29,1,9
BRDA:94,30,0,0
BRDA:94,30,1,0
BRDA:100,31,0,0
BRDA:100,31,1,9
BRDA:100,32,0,9
BRDA:100,32,1,0
BRDA:102,33,0,0
BRDA:102,33,1,0
BRDA:114,34,0,3
BRDA:114,34,1,9
BRDA:115,35,0,0
BRDA:115,35,1,3
BRDA:117,36,0,0
BRDA:117,36,1,0
BRDA:126,37,0,3
BRDA:126,37,1,6
BRDA:127,38,0,0
BRDA:127,38,1,3
BRDA:129,39,0,0
BRDA:129,39,1,0
BRDA:136,40,0,3
BRDA:136,40,1,0
BRDA:144,41,0,5
BRDA:144,41,1,1
BRDA:145,42,0,0
BRDA:145,42,1,5
BRDA:149,43,0,5
BRDA:149,43,1,0
BRDA:160,44,0,5
BRDA:160,44,1,192
BRDA:161,45,0,13
BRDA:161,45,1,184
BRDA:161,46,0,197
BRDA:161,46,1,184
BRDA:162,47,0,147
BRDA:162,47,1,50
BRDA:167,48,0,160
BRDA:167,48,1,37
BRDA:168,49,0,0
BRDA:168,49,1,197
BRDA:168,50,0,197
BRDA:168,50,1,197
BRDA:169,51,0,175
BRDA:169,51,1,22
BRDA:176,52,0,0
BRDA:176,52,1,197
BRDA:176,53,0,197
BRDA:176,53,1,197
BRDA:179,54,0,0
BRDA:179,54,1,197
BRDA:179,55,0,197
BRDA:179,55,1,197
BRDA:186,56,0,0
BRDA:186,56,1,111
BRDA:186,57,0,111
BRDA:186,57,1,0
BRDA:188,58,0,83
BRDA:188,58,1,28
BRDA:190,59,0,1
BRDA:190,59,1,27
BRDA:191,60,0,1
BRDA:191,60,1,0
BRDA:204,61,0,1
BRDA:204,61,1,10
BRDA:205,62,0,0
BRDA:205,62,1,1
BRDA:208,63,0,0
BRDA:208,63,1,1
BRDA:214,64,0,0
BRDA:214,64,1,10
BRDA:215,65,0,0
BRDA:215,65,1,0
BRDA:220,66,0,2
BRDA:220,66,1,8
BRDA:223,67,0,0
BRDA:223,67,1,2
BRDA:226,68,0,0
BRDA:226,68,1,2
BRDA:233,69,0,0
BRDA:233,69,1,2
BRDA:244,70,0,1
BRDA:244,70,1,7
BRDA:249,71,0,0
BRDA:249,71,1,1
BRDA:254,72,0,1
BRDA:254,72,1,6
BRDA:255,73,0,0
BRDA:255,73,1,1
BRDA:260,74,0,1
BRDA:260,74,1,5
BRDA:261,75,0,0
BRDA:261,75,1,1
BRDA:266,76,0,0
BRDA:266,76,1,5
BRDA:270,77,0,1
BRDA:270,77,1,4
BRDA:274,78,0,1
BRDA:274,78,1,3
BRDA:276,79,0,0
BRDA:276,79,1,1
BRDA:281,80,0,1
BRDA:281,80,1,2
BRDA:283,81,0,0
BRDA:283,81,1,1
BRDA:288,82,0,1
BRDA:288,82,1,1
BRDA:290,83,0,0
BRDA:290,83,1,1
BRDA:295,84,0,1
BRDA:295,84,1,0
BRDA:297,85,0,0
BRDA:297,85,1,1
BRDA:316,86,0,1
BRDA:316,86,1,2
BRDA:318,87,0,0
BRDA:318,87,1,1
BRDA:323,88,0,1
BRDA:323,88,1,1
BRDA:325,89,0,0
BRDA:325,89,1,1
BRDA:330,90,0,1
BRDA:330,90,1,0
BRDA:332,91,0,0
BRDA:332,91,1,1
BRDA:348,92,0,1
BRDA:348,92,1,9
BRDA:360,93,0,2
BRDA:360,93,1,7
BRDA:361,94,0,2
BRDA:361,94,1,0
BRDA:365,95,0,3
BRDA:365,95,1,4
BRDA:367,96,0,2
BRDA:367,96,1,2
BRDA:369,97,0,2
BRDA:369,97,1,0
BRDA:369,98,0,2
BRDA:369,98,1,2
BRDA:370,99,0,2
BRDA:370,99,1,0
BRDA:375,100,0,0
BRDA:375,100,1,0
BRDA:377,101,0,0
BRDA:377,101,1,0
BRDA:381,102,0,0
BRDA:381,102,1,0
BRDA:385,103,0,0
BRDA:385,103,1,0
BRDA:385,104,0,0
BRDA:385,104,1,0
BRDA:394,105,0,9
BRDA:394,105,1,0
BRDA:411,106,0,0
BRDA:411,106,1,3
BRDA:416,107,0,2
BRDA:416,107,1,1
BRDA:417,108,0,0
BRDA:417,108,1,2
BRDA:418,109,0,0
BRDA:418,109,1,2
BRDA:420,110,0,0
BRDA:420,110,1,2
BRDA:421,111,0,2
BRDA:421,111,1,0
BRDA:424,112,0,0
BRDA:424,112,1,2
BRDA:440,113,0,0
BRDA:440,113,1,0
BRDA:442,114,0,0
BRDA:442,114,1,0
BRDA:444,115,0,0
BRDA:444,115,1,0
BRDA:446,116,0,0
BRDA:446,116,1,0
BRDA:446,117,0,0
BRDA:446,117,1,0
BRDA:448,118,0,0
BRDA:448,118,1,0
BRDA:450,119,0,0
BRDA:450,119,1,0
BRDA:460,120,0,0
BRDA:460,120,1,0
BRDA:460,121,0,0
BRDA:460,121,1,0
BRDA:461,122,0,0
BRDA:461,122,1,0
BRDA:461,123,0,0
BRDA:461,123,1,0
BRF:248
BRH:144
end_of_record
TN:
SF:src/Core/SelfState.js
FN:1,ResetSelfState
FNF:1
FNH:1
FNDA:25,ResetSelfState
DA:2,25
LF:1
LH:1
BRF:0
BRH:0
end_of_record
TN:
SF:src/Core/MathFunctions/index.js
FNF:0
FNH:0
LF:0
LH:0
BRF:0
BRH:0
end_of_record
TN:
SF:src/Core/MathFunctions/Exponent/factorial.js
FN:1,FactorialHandler
FNF:1
FNH:1
FNDA:1,FactorialHandler
DA:2,1
DA:3,0
DA:5,1
DA:6,1
DA:7,0
DA:9,1
DA:10,1
DA:11,22
DA:12,22
DA:14,1
LF:10
LH:8
BRDA:2,0,0,0
BRDA:2,0,1,1
BRDA:2,1,0,1
BRDA:2,1,1,1
BRDA:6,2,0,0
BRDA:6,2,1,1
BRDA:6,3,0,1
BRDA:6,3,1,1
BRF:8
BRH:6
end_of_record
TN:
SF:src/Core/MathFunctions/Trigonometry/Arc.js
FN:1,ArcSinHandler
FN:16,ArcCosHandler
FN:31,ArcTanHandler
FNF:3
FNH:3
FNDA:1,ArcSinHandler
FNDA:1,ArcCosHandler
FNDA:1,ArcTanHandler
DA:2,1
DA:3,1
DA:4,0
DA:7,1
DA:8,1
DA:9,1
DA:12,1
DA:13,1
DA:17,1
DA:18,1
DA:19,0
DA:22,1
DA:23,1
DA:24,1
DA:27,1
DA:28,1
DA:32,1
DA:33,1
DA:34,0
DA:37,1
DA:38,1
DA:39,1
DA:42,1
DA:43,1
LF:24
LH:21
BRDA:3,0,0,0
BRDA:3,0,1,1
BRDA:3,1,0,1
BRDA:3,1,1,1
BRDA:3,1,2,0
BRDA:8,2,0,1
BRDA:8,2,1,0
BRDA:18,3,0,0
BRDA:18,3,1,1
BRDA:18,4,0,1
BRDA:18,4,1,1
BRDA:18,4,2,0
BRDA:23,5,0,1
BRDA:23,5,1,0
BRDA:33,6,0,0
BRDA:33,6,1,1
BRDA:33,7,0,1
BRDA:33,7,1,1
BRDA:38,8,0,1
BRDA:38,8,1,0
BRF:20
BRH:12
end_of_record
TN:
SF:src/Core/MathFunctions/Trigonometry/DegRad.js
FN:1,DegreesToRadians
FN:9,RadiansToDegrees
FNF:2
FNH:1
FNDA:2,DegreesToRadians
FNDA:0,RadiansToDegrees
DA:2,2
DA:3,2
DA:10,0
DA:11,0
LF:4
LH:2
BRF:0
BRH:0
end_of_record
TN:
SF:src/Core/MathFunctions/Trigonometry/SinLike.js
FN:1,SinHandler
FN:15,CosHandler
FN:29,TanHandler
FN:43,CheckTan
FNF:4
FNH:3
FNDA:4,SinHandler
FNDA:1,CosHandler
FNDA:1,TanHandler
FNDA:0,CheckTan
DA:2,4
DA:3,4
DA:4,0
DA:6,4
DA:7,4
DA:9,4
DA:11,4
DA:12,4
DA:16,1
DA:17,1
DA:18,0
DA:20,1
DA:21,1
DA:23,1
DA:25,1
DA:26,1
DA:30,1
DA:31,1
DA:32,1
DA:34,1
DA:35,0
DA:37,1
DA:39,1
DA:40,1
DA:44,0
DA:45,0
DA:46,0
DA:47,0
DA:48,0
DA:50,0
DA:51,0
DA:53,0
DA:54,0
DA:56,0
LF:34
LH:21
BRDA:3,0,0,0
BRDA:3,0,1,4
BRDA:3,1,0,4
BRDA:3,1,1,0
BRDA:3,1,2,4
BRDA:3,1,3,4
BRDA:6,2,0,4
BRDA:6,2,1,0
BRDA:17,3,0,0
BRDA:17,3,1,1
BRDA:17,4,0,1
BRDA:17,4,1,0
BRDA:17,4,2,1
BRDA:17,4,3,1
BRDA:20,5,0,1
BRDA:20,5,1,0
BRDA:31,6,0,1
BRDA:31,6,1,0
BRDA:34,7,0,0
BRDA:34,7,1,1
BRDA:34,8,0,1
BRDA:34,8,1,0
BRDA:45,9,0,0
BRDA:45,9,1,0
BRDA:45,10,0,0
BRDA:45,10,1,0
BRDA:47,11,0,0
BRDA:47,11,1,0
BRDA:53,12,0,0
BRDA:53,12,1,0
BRF:30
BRH:13
end_of_record
TN:
SF:src/Core/Register/Constructor.js
FN:1,ResetRegister
FN:17,ResetRS
FN:30,CloneRS
FNF:3
FNH:3
FNDA:179,ResetRegister
FNDA:24,ResetRS
FNDA:211,CloneRS
DA:2,179
DA:18,24
DA:31,211
LF:3
LH:3
BRF:0
BRH:0
end_of_record
TN:
SF:src/Core/Register/NormalizeRegister.js
FN:4,ExtractSignificantDigits
FN:30,CalculateMeanZeros
FN:59,NormalizeRegister
FNF:3
FNH:3
FNDA:46,ExtractSignificantDigits
FNDA:44,CalculateMeanZeros
FNDA:39,NormalizeRegister
DA:5,46
DA:6,0
DA:9,46
DA:10,46
DA:12,46
DA:14,46
DA:15,343
DA:16,343
DA:19,46
DA:20,269
DA:21,269
DA:24,46
DA:25,46
DA:27,46
DA:31,44
DA:33,44
DA:34,8
DA:35,8
DA:36,8
DA:37,73
DA:38,9
DA:40,64
DA:41,22
DA:43,42
DA:47,36
DA:48,36
DA:49,48
DA:50,12
DA:52,36
DA:56,44
DA:61,39
DA:62,0
DA:65,39
DA:66,28
DA:69,39
DA:70,39
DA:71,39
DA:73,39
DA:77,39
DA:78,39
DA:79,27
DA:81,16
DA:82,74
DA:83,74
DA:88,11
DA:89,51
DA:90,51
DA:93,12
DA:94,7
DA:96,1
DA:97,2
DA:98,2
DA:100,1
DA:103,6
DA:104,31
DA:105,31
DA:110,39
DA:111,39
DA:113,39
LF:59
LH:57
BRDA:5,0,0,0
BRDA:5,0,1,46
BRDA:33,1,0,8
BRDA:33,1,1,36
BRDA:37,2,0,9
BRDA:37,2,1,64
BRDA:37,3,0,73
BRDA:37,3,1,72
BRDA:40,4,0,22
BRDA:40,4,1,42
BRDA:40,5,0,64
BRDA:40,5,1,37
BRDA:49,6,0,12
BRDA:49,6,1,36
BRDA:61,7,0,0
BRDA:61,7,1,39
BRDA:65,8,0,28
BRDA:65,8,1,11
BRDA:78,9,0,27
BRDA:78,9,1,12
BRDA:79,10,0,16
BRDA:79,10,1,11
BRDA:93,11,0,7
BRDA:93,11,1,5
BRDA:94,12,0,1
BRDA:94,12,1,6
BRF:26
BRH:24
end_of_record
TN:
SF:src/Core/Register/Overflow.js
FN:3,IsOverflow
FN:13,CheckOverflow
FNF:2
FNH:2
FNDA:398,IsOverflow
FNDA:398,CheckOverflow
DA:4,398
DA:5,398
DA:6,398
DA:7,398
DA:8,398
DA:14,398
DA:15,398
DA:17,398
DA:18,173
DA:22,225
DA:23,88
DA:24,88
DA:26,225
DA:27,30
DA:28,30
DA:31,225
LF:16
LH:16
BRDA:6,0,0,56
BRDA:6,0,1,342
BRDA:7,1,0,206
BRDA:7,1,1,192
BRDA:17,2,0,173
BRDA:17,2,1,225
BRDA:26,3,0,255
BRDA:26,3,1,254
BRF:8
BRH:8
end_of_record
TN:
SF:src/Core/Register/index.js
FNF:0
FNH:0
LF:0
LH:0
BRF:0
BRH:0
end_of_record
